c:\users\administrator\downloads\mttb\mttb\project_files\bin\vc142.pdb
c:\users\administrator\downloads\mttb\mttb\project_files\bin\sandbird.nativecodeanalysis.xml
c:\users\administrator\downloads\mttb\mttb\project_files\bin\win32.nativecodeanalysis.xml
c:\users\administrator\downloads\mttb\mttb\project_files\bin\unix.nativecodeanalysis.xml
c:\users\administrator\downloads\mttb\mttb\project_files\bin\protocol.nativecodeanalysis.xml
c:\users\administrator\downloads\mttb\mttb\project_files\bin\peer.nativecodeanalysis.xml
c:\users\administrator\downloads\mttb\mttb\project_files\bin\packet.nativecodeanalysis.xml
c:\users\administrator\downloads\mttb\mttb\project_files\bin\list.nativecodeanalysis.xml
c:\users\administrator\downloads\mttb\mttb\project_files\bin\host.nativecodeanalysis.xml
c:\users\administrator\downloads\mttb\mttb\project_files\bin\compress.nativecodeanalysis.xml
c:\users\administrator\downloads\mttb\mttb\project_files\bin\callbacks.nativecodeanalysis.xml
c:\users\administrator\downloads\mttb\mttb\project_files\bin\callbacks.obj
c:\users\administrator\downloads\mttb\mttb\project_files\bin\compress.obj
c:\users\administrator\downloads\mttb\mttb\project_files\bin\host.obj
c:\users\administrator\downloads\mttb\mttb\project_files\bin\list.obj
c:\users\administrator\downloads\mttb\mttb\project_files\bin\packet.obj
c:\users\administrator\downloads\mttb\mttb\project_files\bin\peer.obj
c:\users\administrator\downloads\mttb\mttb\project_files\bin\protocol.obj
c:\users\administrator\downloads\mttb\mttb\project_files\bin\unix.obj
c:\users\administrator\downloads\mttb\mttb\project_files\bin\win32.obj
c:\users\administrator\downloads\mttb\mttb\project_files\bin\sandbird.obj
c:\users\administrator\downloads\mttb\mttb\project_files\bin\main.nativecodeanalysis.xml
c:\users\administrator\downloads\mttb\mttb\project_files\bin\http.nativecodeanalysis.xml
c:\users\administrator\downloads\mttb\mttb\project_files\bin\http.obj
c:\users\administrator\downloads\mttb\mttb\project_files\bin\main.obj
c:\users\administrator\downloads\mttb\mttb\project_files\growtopia.exe
c:\users\administrator\downloads\mttb\mttb\project_files\bin\growtopia.iobj
c:\users\administrator\downloads\mttb\mttb\project_files\growtopia.pdb
c:\users\administrator\downloads\mttb\mttb\project_files\bin\gtps.res
c:\users\administrator\downloads\mttb\mttb\project_files\bin\esp8cc2.tmp
c:\users\administrator\downloads\mttb\mttb\project_files\bin\growtopia.tlog\cl.command.1.tlog
c:\users\administrator\downloads\mttb\mttb\project_files\bin\growtopia.tlog\cl.read.1.tlog
c:\users\administrator\downloads\mttb\mttb\project_files\bin\growtopia.tlog\cl.write.1.tlog
c:\users\administrator\downloads\mttb\mttb\project_files\bin\growtopia.tlog\link.command.1.tlog
c:\users\administrator\downloads\mttb\mttb\project_files\bin\growtopia.tlog\link.read.1.tlog
c:\users\administrator\downloads\mttb\mttb\project_files\bin\growtopia.tlog\link.write.1.tlog
c:\users\administrator\downloads\mttb\mttb\project_files\bin\growtopia.tlog\rc.command.1.tlog
c:\users\administrator\downloads\mttb\mttb\project_files\bin\growtopia.tlog\rc.read.1.tlog
c:\users\administrator\downloads\mttb\mttb\project_files\bin\growtopia.tlog\rc.write.1.tlog
