c:\users\almantas\desktop\gtps\project_files\bin\vc142.pdb
c:\users\almantas\desktop\gtps\project_files\bin\sandbird.nativecodeanalysis.xml
c:\users\almantas\desktop\gtps\project_files\bin\win32.nativecodeanalysis.xml
c:\users\almantas\desktop\gtps\project_files\bin\unix.nativecodeanalysis.xml
c:\users\almantas\desktop\gtps\project_files\bin\protocol.nativecodeanalysis.xml
c:\users\almantas\desktop\gtps\project_files\bin\peer.nativecodeanalysis.xml
c:\users\almantas\desktop\gtps\project_files\bin\packet.nativecodeanalysis.xml
c:\users\almantas\desktop\gtps\project_files\bin\list.nativecodeanalysis.xml
c:\users\almantas\desktop\gtps\project_files\bin\host.nativecodeanalysis.xml
c:\users\almantas\desktop\gtps\project_files\bin\compress.nativecodeanalysis.xml
c:\users\almantas\desktop\gtps\project_files\bin\callbacks.nativecodeanalysis.xml
c:\users\almantas\desktop\gtps\project_files\bin\callbacks.obj
c:\users\almantas\desktop\gtps\project_files\bin\compress.obj
c:\users\almantas\desktop\gtps\project_files\bin\host.obj
c:\users\almantas\desktop\gtps\project_files\bin\list.obj
c:\users\almantas\desktop\gtps\project_files\bin\packet.obj
c:\users\almantas\desktop\gtps\project_files\bin\peer.obj
c:\users\almantas\desktop\gtps\project_files\bin\protocol.obj
c:\users\almantas\desktop\gtps\project_files\bin\unix.obj
c:\users\almantas\desktop\gtps\project_files\bin\win32.obj
c:\users\almantas\desktop\gtps\project_files\bin\sandbird.obj
c:\users\almantas\desktop\gtps\project_files\bin\http.nativecodeanalysis.xml
c:\users\almantas\desktop\gtps\project_files\bin\http.obj
c:\users\almantas\desktop\gtps\project_files\bin\main.nativecodeanalysis.xml
c:\users\almantas\desktop\gtps\project_files\bin\main.obj
c:\users\almantas\desktop\gtps\growcastle.exe
c:\users\almantas\desktop\gtps\project_files\bin\growcastle.iobj
c:\users\almantas\desktop\gtps\growcastle.pdb
c:\users\almantas\desktop\gtps\project_files\bin\gtps.res
c:\users\almantas\desktop\gtps\project_files\bin\growcastle.tlog\cl.command.1.tlog
c:\users\almantas\desktop\gtps\project_files\bin\growcastle.tlog\cl.read.1.tlog
c:\users\almantas\desktop\gtps\project_files\bin\growcastle.tlog\cl.write.1.tlog
c:\users\almantas\desktop\gtps\project_files\bin\growcastle.tlog\link.command.1.tlog
c:\users\almantas\desktop\gtps\project_files\bin\growcastle.tlog\link.read.1.tlog
c:\users\almantas\desktop\gtps\project_files\bin\growcastle.tlog\link.write.1.tlog
c:\users\almantas\desktop\gtps\project_files\bin\growcastle.tlog\rc.command.1.tlog
c:\users\almantas\desktop\gtps\project_files\bin\growcastle.tlog\rc.read.1.tlog
c:\users\almantas\desktop\gtps\project_files\bin\growcastle.tlog\rc.write.1.tlog
