c:\users\administrator\desktop\growps\growps\project_files\bin\vc143.pdb
c:\users\administrator\desktop\growps\growps\project_files\bin\sandbird.nativecodeanalysis.xml
c:\users\administrator\desktop\growps\growps\project_files\bin\win32.nativecodeanalysis.xml
c:\users\administrator\desktop\growps\growps\project_files\bin\unix.nativecodeanalysis.xml
c:\users\administrator\desktop\growps\growps\project_files\bin\protocol.nativecodeanalysis.xml
c:\users\administrator\desktop\growps\growps\project_files\bin\peer.nativecodeanalysis.xml
c:\users\administrator\desktop\growps\growps\project_files\bin\packet.nativecodeanalysis.xml
c:\users\administrator\desktop\growps\growps\project_files\bin\list.nativecodeanalysis.xml
c:\users\administrator\desktop\growps\growps\project_files\bin\host.nativecodeanalysis.xml
c:\users\administrator\desktop\growps\growps\project_files\bin\compress.nativecodeanalysis.xml
c:\users\administrator\desktop\growps\growps\project_files\bin\callbacks.nativecodeanalysis.xml
c:\users\administrator\desktop\growps\growps\project_files\bin\callbacks.obj
c:\users\administrator\desktop\growps\growps\project_files\bin\compress.obj
c:\users\administrator\desktop\growps\growps\project_files\bin\host.obj
c:\users\administrator\desktop\growps\growps\project_files\bin\list.obj
c:\users\administrator\desktop\growps\growps\project_files\bin\packet.obj
c:\users\administrator\desktop\growps\growps\project_files\bin\peer.obj
c:\users\administrator\desktop\growps\growps\project_files\bin\protocol.obj
c:\users\administrator\desktop\growps\growps\project_files\bin\unix.obj
c:\users\administrator\desktop\growps\growps\project_files\bin\win32.obj
c:\users\administrator\desktop\growps\growps\project_files\bin\sandbird.obj
c:\users\administrator\desktop\growps\growps\project_files\bin\http.nativecodeanalysis.xml
c:\users\administrator\desktop\growps\growps\project_files\bin\http.obj
c:\users\administrator\desktop\growps\growps\project_files\bin\server.tlog\cl.command.1.tlog
c:\users\administrator\desktop\growps\growps\project_files\bin\server.tlog\cl.read.1.tlog
c:\users\administrator\desktop\growps\growps\project_files\bin\server.tlog\cl.write.1.tlog
