  server.cpp
C:\Users\Almantas\Desktop\gtps\project_files\Server_core.h(459,21): warning C4018: '<': signed/unsigned mismatch
C:\Users\Almantas\Desktop\gtps\project_files\Server_player.h(296,27): warning C4305: 'initializing': truncation from '__int64' to 'long'
C:\Users\Almantas\Desktop\gtps\project_files\Server_player.h(296,29): warning C4309: 'initializing': truncation of constant value
C:\Users\Almantas\Desktop\gtps\project_files\Server_player.h(570,21): warning C4018: '<': signed/unsigned mismatch
C:\Users\Almantas\Desktop\gtps\project_files\Server_player.h(581,21): warning C4018: '<': signed/unsigned mismatch
C:\Users\Almantas\Desktop\gtps\project_files\Server_player.h(586,14): warning C4018: '<': signed/unsigned mismatch
C:\Users\Almantas\Desktop\gtps\project_files\Server_player.h(588,14): warning C4018: '<': signed/unsigned mismatch
C:\Users\Almantas\Desktop\gtps\project_files\Server_player.h(707,21): warning C4018: '<': signed/unsigned mismatch
C:\Users\Almantas\Desktop\gtps\project_files\Server_player.h(805,25): warning C4244: '=': conversion from '__int64' to 'int', possible loss of data
C:\Users\Almantas\Desktop\gtps\project_files\Server_player.h(888,21): warning C4018: '<': signed/unsigned mismatch
C:\Users\Almantas\Desktop\gtps\project_files\Server_player.h(901,21): warning C4018: '<': signed/unsigned mismatch
C:\Users\Almantas\Desktop\gtps\project_files\Server_player.h(957,18): warning C4244: '=': conversion from 'const int' to 'float', possible loss of data
C:\Users\Almantas\Desktop\gtps\project_files\Server_player.h(958,18): warning C4244: '=': conversion from 'const int' to 'float', possible loss of data
C:\Users\Almantas\Desktop\gtps\project_files\Server_player.h(1042,271): warning C4244: 'argument': conversion from 'int' to 'float', possible loss of data
C:\Users\Almantas\Desktop\gtps\project_files\Server_player.h(1042,218): warning C4244: 'argument': conversion from 'int' to 'float', possible loss of data
C:\Users\Almantas\Desktop\gtps\project_files\Server_player.h(1042,166): warning C4244: 'argument': conversion from 'int' to 'float', possible loss of data
C:\Users\Almantas\Desktop\gtps\project_files\Server_player.h(1042,429): warning C4244: 'argument': conversion from 'int' to 'float', possible loss of data
C:\Users\Almantas\Desktop\gtps\project_files\Server_player.h(1042,377): warning C4244: 'argument': conversion from 'int' to 'float', possible loss of data
C:\Users\Almantas\Desktop\gtps\project_files\Server_player.h(1042,325): warning C4244: 'argument': conversion from 'int' to 'float', possible loss of data
C:\Users\Almantas\Desktop\gtps\project_files\Server_player.h(1042,586): warning C4244: 'argument': conversion from 'int' to 'float', possible loss of data
C:\Users\Almantas\Desktop\gtps\project_files\Server_player.h(1042,534): warning C4244: 'argument': conversion from 'int' to 'float', possible loss of data
C:\Users\Almantas\Desktop\gtps\project_files\Server_player.h(1042,482): warning C4244: 'argument': conversion from 'int' to 'float', possible loss of data
C:\Users\Almantas\Desktop\gtps\project_files\Server_player.h(1042,695): warning C4244: 'argument': conversion from 'int' to 'float', possible loss of data
C:\Users\Almantas\Desktop\gtps\project_files\Server_player.h(1659,20): warning C4018: '<': signed/unsigned mismatch
C:\Users\Almantas\Desktop\gtps\project_files\Server_player.h(1674,22): warning C4018: '<': signed/unsigned mismatch
C:\Users\Almantas\Desktop\gtps\project_files\Server_player.h(1688,20): warning C4018: '<': signed/unsigned mismatch
C:\Users\Almantas\Desktop\gtps\project_files\Server_player.h(1703,22): warning C4018: '<': signed/unsigned mismatch
C:\Users\Almantas\Desktop\gtps\project_files\Server_player.h(1716,21): warning C4018: '<': signed/unsigned mismatch
C:\Users\Almantas\Desktop\gtps\project_files\Server_player.h(1726,21): warning C4018: '<': signed/unsigned mismatch
C:\Users\Almantas\Desktop\gtps\project_files\Server_player.h(1741,277): warning C4244: 'argument': conversion from 'int' to 'float', possible loss of data
C:\Users\Almantas\Desktop\gtps\project_files\Server_player.h(1741,224): warning C4244: 'argument': conversion from 'int' to 'float', possible loss of data
C:\Users\Almantas\Desktop\gtps\project_files\Server_player.h(1741,172): warning C4244: 'argument': conversion from 'int' to 'float', possible loss of data
C:\Users\Almantas\Desktop\gtps\project_files\Server_player.h(1741,435): warning C4244: 'argument': conversion from 'int' to 'float', possible loss of data
C:\Users\Almantas\Desktop\gtps\project_files\Server_player.h(1741,383): warning C4244: 'argument': conversion from 'int' to 'float', possible loss of data
C:\Users\Almantas\Desktop\gtps\project_files\Server_player.h(1741,331): warning C4244: 'argument': conversion from 'int' to 'float', possible loss of data
C:\Users\Almantas\Desktop\gtps\project_files\Server_player.h(1741,592): warning C4244: 'argument': conversion from 'int' to 'float', possible loss of data
C:\Users\Almantas\Desktop\gtps\project_files\Server_player.h(1741,540): warning C4244: 'argument': conversion from 'int' to 'float', possible loss of data
C:\Users\Almantas\Desktop\gtps\project_files\Server_player.h(1741,488): warning C4244: 'argument': conversion from 'int' to 'float', possible loss of data
C:\Users\Almantas\Desktop\gtps\project_files\Server_player.h(1741,701): warning C4244: 'argument': conversion from 'int' to 'float', possible loss of data
C:\Users\Almantas\Desktop\gtps\project_files\Server_player.h(1748,21): warning C4018: '<': signed/unsigned mismatch
C:\Users\Almantas\Desktop\gtps\project_files\Server_player.h(1750,105): warning C4018: '>': signed/unsigned mismatch
C:\Users\Almantas\Desktop\gtps\project_files\Server_player.h(1759,280): warning C4244: 'argument': conversion from 'int' to 'float', possible loss of data
C:\Users\Almantas\Desktop\gtps\project_files\Server_player.h(1759,227): warning C4244: 'argument': conversion from 'int' to 'float', possible loss of data
C:\Users\Almantas\Desktop\gtps\project_files\Server_player.h(1759,175): warning C4244: 'argument': conversion from 'int' to 'float', possible loss of data
C:\Users\Almantas\Desktop\gtps\project_files\Server_player.h(1759,438): warning C4244: 'argument': conversion from 'int' to 'float', possible loss of data
C:\Users\Almantas\Desktop\gtps\project_files\Server_player.h(1759,386): warning C4244: 'argument': conversion from 'int' to 'float', possible loss of data
C:\Users\Almantas\Desktop\gtps\project_files\Server_player.h(1759,334): warning C4244: 'argument': conversion from 'int' to 'float', possible loss of data
C:\Users\Almantas\Desktop\gtps\project_files\Server_player.h(1759,595): warning C4244: 'argument': conversion from 'int' to 'float', possible loss of data
C:\Users\Almantas\Desktop\gtps\project_files\Server_player.h(1759,543): warning C4244: 'argument': conversion from 'int' to 'float', possible loss of data
C:\Users\Almantas\Desktop\gtps\project_files\Server_player.h(1759,491): warning C4244: 'argument': conversion from 'int' to 'float', possible loss of data
C:\Users\Almantas\Desktop\gtps\project_files\Server_player.h(1759,704): warning C4244: 'argument': conversion from 'int' to 'float', possible loss of data
C:\Users\Almantas\Desktop\gtps\project_files\Server_player.h(1786,44): warning C4244: 'argument': conversion from 'const int' to 'float', possible loss of data
C:\Users\Almantas\Desktop\gtps\project_files\Server_player.h(1786,41): warning C4244: 'argument': conversion from 'const int' to 'float', possible loss of data
C:\Users\Almantas\Desktop\gtps\project_files\Server_player.h(1897,267): warning C4244: 'argument': conversion from 'int' to 'float', possible loss of data
C:\Users\Almantas\Desktop\gtps\project_files\Server_player.h(1897,216): warning C4244: 'argument': conversion from 'int' to 'float', possible loss of data
C:\Users\Almantas\Desktop\gtps\project_files\Server_player.h(1897,166): warning C4244: 'argument': conversion from 'int' to 'float', possible loss of data
C:\Users\Almantas\Desktop\gtps\project_files\Server_player.h(1897,419): warning C4244: 'argument': conversion from 'int' to 'float', possible loss of data
C:\Users\Almantas\Desktop\gtps\project_files\Server_player.h(1897,369): warning C4244: 'argument': conversion from 'int' to 'float', possible loss of data
C:\Users\Almantas\Desktop\gtps\project_files\Server_player.h(1897,319): warning C4244: 'argument': conversion from 'int' to 'float', possible loss of data
C:\Users\Almantas\Desktop\gtps\project_files\Server_player.h(1897,570): warning C4244: 'argument': conversion from 'int' to 'float', possible loss of data
C:\Users\Almantas\Desktop\gtps\project_files\Server_player.h(1897,520): warning C4244: 'argument': conversion from 'int' to 'float', possible loss of data
C:\Users\Almantas\Desktop\gtps\project_files\Server_player.h(1897,470): warning C4244: 'argument': conversion from 'int' to 'float', possible loss of data
C:\Users\Almantas\Desktop\gtps\project_files\Server_player.h(1897,675): warning C4244: 'argument': conversion from 'int' to 'float', possible loss of data
C:\Users\Almantas\Desktop\gtps\project_files\Server_player.h(1902,288): warning C4244: 'argument': conversion from 'int' to 'float', possible loss of data
C:\Users\Almantas\Desktop\gtps\project_files\Server_player.h(1902,230): warning C4244: 'argument': conversion from 'int' to 'float', possible loss of data
C:\Users\Almantas\Desktop\gtps\project_files\Server_player.h(1902,173): warning C4244: 'argument': conversion from 'int' to 'float', possible loss of data
C:\Users\Almantas\Desktop\gtps\project_files\Server_player.h(1902,461): warning C4244: 'argument': conversion from 'int' to 'float', possible loss of data
C:\Users\Almantas\Desktop\gtps\project_files\Server_player.h(1902,404): warning C4244: 'argument': conversion from 'int' to 'float', possible loss of data
C:\Users\Almantas\Desktop\gtps\project_files\Server_player.h(1902,347): warning C4244: 'argument': conversion from 'int' to 'float', possible loss of data
C:\Users\Almantas\Desktop\gtps\project_files\Server_player.h(1902,633): warning C4244: 'argument': conversion from 'int' to 'float', possible loss of data
C:\Users\Almantas\Desktop\gtps\project_files\Server_player.h(1902,576): warning C4244: 'argument': conversion from 'int' to 'float', possible loss of data
C:\Users\Almantas\Desktop\gtps\project_files\Server_player.h(1902,519): warning C4244: 'argument': conversion from 'int' to 'float', possible loss of data
C:\Users\Almantas\Desktop\gtps\project_files\Server_player.h(1902,752): warning C4244: 'argument': conversion from 'int' to 'float', possible loss of data
C:\Users\Almantas\Desktop\gtps\project_files\Server_player.h(2017,84): warning C4244: 'argument': conversion from 'int' to 'float', possible loss of data
C:\Users\Almantas\Desktop\gtps\project_files\Server_player.h(2017,81): warning C4244: 'argument': conversion from 'int' to 'float', possible loss of data
C:\Users\Almantas\Desktop\gtps\project_files\Server_player.h(2549,21): warning C4018: '<': signed/unsigned mismatch
C:\Users\Almantas\Desktop\gtps\project_files\Server_player.h(2582,22): warning C4018: '<': signed/unsigned mismatch
C:\Users\Almantas\Desktop\gtps\project_files\Server_player.h(2599,22): warning C4018: '<': signed/unsigned mismatch
C:\Users\Almantas\Desktop\gtps\project_files\Server_player.h(2616,22): warning C4018: '<': signed/unsigned mismatch
C:\Users\Almantas\Desktop\gtps\project_files\Server_player.h(2633,22): warning C4018: '<': signed/unsigned mismatch
C:\Users\Almantas\Desktop\gtps\project_files\Server_player.h(2650,22): warning C4018: '<': signed/unsigned mismatch
C:\Users\Almantas\Desktop\gtps\project_files\Server_player.h(2667,22): warning C4018: '<': signed/unsigned mismatch
C:\Users\Almantas\Desktop\gtps\project_files\Server_player.h(2684,22): warning C4018: '<': signed/unsigned mismatch
C:\Users\Almantas\Desktop\gtps\project_files\Server_player.h(2701,22): warning C4018: '<': signed/unsigned mismatch
C:\Users\Almantas\Desktop\gtps\project_files\Server_player.h(2718,22): warning C4018: '<': signed/unsigned mismatch
C:\Users\Almantas\Desktop\gtps\project_files\Server_player.h(2735,22): warning C4018: '<': signed/unsigned mismatch
C:\Users\Almantas\Desktop\gtps\project_files\Server_player.h(2752,22): warning C4018: '<': signed/unsigned mismatch
C:\Users\Almantas\Desktop\gtps\project_files\Server_player.h(2769,22): warning C4018: '<': signed/unsigned mismatch
C:\Users\Almantas\Desktop\gtps\project_files\Server_player.h(2786,22): warning C4018: '<': signed/unsigned mismatch
C:\Users\Almantas\Desktop\gtps\project_files\Server_player.h(2803,20): warning C4018: '<': signed/unsigned mismatch
C:\Users\Almantas\Desktop\gtps\project_files\Server_world.h(632,20): warning C4018: '<': signed/unsigned mismatch
C:\Users\Almantas\Desktop\gtps\project_files\Server_world.h(633,9): warning C4018: '>=': signed/unsigned mismatch
C:\Users\Almantas\Desktop\gtps\project_files\Server_world.h(700,21): warning C4018: '<': signed/unsigned mismatch
C:\Users\Almantas\Desktop\gtps\project_files\Server_world.h(704,42): warning C4244: '=': conversion from 'ValueType' to 'float', possible loss of data
          with
          [
              ValueType=int
          ]
C:\Users\Almantas\Desktop\gtps\project_files\Server_world.h(705,42): warning C4244: '=': conversion from 'ValueType' to 'float', possible loss of data
          with
          [
              ValueType=int
          ]
C:\Users\Almantas\Desktop\gtps\project_files\Server_world.h(809,12): warning C4244: 'initializing': conversion from '_Rep' to 'int', possible loss of data
          with
          [
              _Rep=__int64
          ]
C:\Users\Almantas\Desktop\gtps\project_files\Server_world.h(820,20): warning C4018: '<': signed/unsigned mismatch
C:\Users\Almantas\Desktop\gtps\project_files\Server_world.h(877,12): warning C4244: 'initializing': conversion from '_Rep' to 'int', possible loss of data
          with
          [
              _Rep=__int64
          ]
C:\Users\Almantas\Desktop\gtps\project_files\Server_world.h(906,105): warning C4804: '<': unsafe use of type 'bool' in operation
C:\Users\Almantas\Desktop\gtps\project_files\Server_world.h(906,126): warning C4804: '<': unsafe use of type 'bool' in operation
C:\Users\Almantas\Desktop\gtps\project_files\Server_world.h(970,20): warning C4018: '<': signed/unsigned mismatch
C:\Users\Almantas\Desktop\gtps\project_files\Server_world.h(971,9): warning C4018: '>=': signed/unsigned mismatch
C:\Users\Almantas\Desktop\gtps\project_files\Server_world.h(994,20): warning C4018: '<': signed/unsigned mismatch
C:\Users\Almantas\Desktop\gtps\project_files\Server_world.h(995,9): warning C4018: '>=': signed/unsigned mismatch
C:\Users\Almantas\Desktop\gtps\project_files\Server_world.h(1005,124): warning C4804: '<': unsafe use of type 'bool' in operation
C:\Users\Almantas\Desktop\gtps\project_files\Server_world.h(1005,149): warning C4804: '<': unsafe use of type 'bool' in operation
C:\Users\Almantas\Desktop\gtps\project_files\Server_world.h(1031,105): warning C4804: '<': unsafe use of type 'bool' in operation
C:\Users\Almantas\Desktop\gtps\project_files\Server_world.h(1031,126): warning C4804: '<': unsafe use of type 'bool' in operation
C:\Users\Almantas\Desktop\gtps\project_files\Server_world.h(1039,22): warning C4018: '<': signed/unsigned mismatch
C:\Users\Almantas\Desktop\gtps\project_files\Server_world.h(1165,9): warning C4018: '<': signed/unsigned mismatch
C:\Users\Almantas\Desktop\gtps\project_files\Server_world.h(1181,32): warning C4018: '<': signed/unsigned mismatch
C:\Users\Almantas\Desktop\gtps\project_files\Server_world.h(1722,23): warning C4018: '<': signed/unsigned mismatch
C:\Users\Almantas\Desktop\gtps\project_files\Server_world.h(1934,11): warning C4244: '=': conversion from 'int' to 'float', possible loss of data
C:\Users\Almantas\Desktop\gtps\project_files\Server_world.h(1935,11): warning C4244: '=': conversion from 'int' to 'float', possible loss of data
C:\Users\Almantas\Desktop\gtps\project_files\Server_world.h(1944,29): warning C4267: 'initializing': conversion from 'size_t' to 'short', possible loss of data
C:\Users\Almantas\Desktop\gtps\project_files\Server_world.h(2272,141): warning C4309: 'argument': truncation of constant value
C:\Users\Almantas\Desktop\gtps\project_files\Server_world.h(2272,166): warning C4309: 'argument': truncation of constant value
C:\Users\Almantas\Desktop\gtps\project_files\Server_world.h(2335,50): warning C4244: '=': conversion from 'int' to 'float', possible loss of data
C:\Users\Almantas\Desktop\gtps\project_files\Server_world.h(2336,50): warning C4244: '=': conversion from 'int' to 'float', possible loss of data
C:\Users\Almantas\Desktop\gtps\project_files\Server_world.h(2350,152): warning C4244: 'argument': conversion from 'int' to 'float', possible loss of data
C:\Users\Almantas\Desktop\gtps\project_files\Server_world.h(2350,97): warning C4244: 'argument': conversion from 'int' to 'float', possible loss of data
C:\Users\Almantas\Desktop\gtps\project_files\Server_world.h(2849,11): warning C4244: '=': conversion from 'int' to 'float', possible loss of data
C:\Users\Almantas\Desktop\gtps\project_files\Server_world.h(2850,11): warning C4244: '=': conversion from 'int' to 'float', possible loss of data
C:\Users\Almantas\Desktop\gtps\project_files\Server_world.h(3156,52): warning C4267: '=': conversion from 'size_t' to 'uint16_t', possible loss of data
C:\Users\Almantas\Desktop\gtps\project_files\Server_world.h(3385,13): warning C4244: '=': conversion from 'int' to 'float', possible loss of data
C:\Users\Almantas\Desktop\gtps\project_files\Server_world.h(3386,13): warning C4244: '=': conversion from 'int' to 'float', possible loss of data
C:\Users\Almantas\Desktop\gtps\project_files\Server_world.h(3389,14): warning C4244: 'initializing': conversion from 'int' to 'float', possible loss of data
C:\Users\Almantas\Desktop\gtps\project_files\Server_world.h(3419,21): warning C4018: '<': signed/unsigned mismatch
C:\Users\Almantas\Desktop\gtps\project_files\Server_world.h(3442,11): warning C4244: '=': conversion from 'int' to 'float', possible loss of data
C:\Users\Almantas\Desktop\gtps\project_files\Server_world.h(3443,11): warning C4244: '=': conversion from 'int' to 'float', possible loss of data
C:\Users\Almantas\Desktop\gtps\project_files\Server_world.h(3508,24): warning C4018: '<': signed/unsigned mismatch
C:\Users\Almantas\Desktop\gtps\project_files\Server_world.h(3520,24): warning C4018: '<': signed/unsigned mismatch
C:\Users\Almantas\Desktop\gtps\project_files\Server_world.h(3532,24): warning C4018: '<': signed/unsigned mismatch
C:\Users\Almantas\Desktop\gtps\project_files\Server_world.h(3544,24): warning C4018: '<': signed/unsigned mismatch
C:\Users\Almantas\Desktop\gtps\project_files\Server_world.h(3556,23): warning C4018: '<': signed/unsigned mismatch
C:\Users\Almantas\Desktop\gtps\project_files\Server_world.h(3559,23): warning C4018: '<': signed/unsigned mismatch
C:\Users\Almantas\Desktop\gtps\project_files\Server_world.h(3563,36): warning C4244: '=': conversion from 'float' to 'int', possible loss of data
C:\Users\Almantas\Desktop\gtps\project_files\Server_world.h(3564,36): warning C4244: '=': conversion from 'float' to 'int', possible loss of data
C:\Users\Almantas\Desktop\gtps\project_files\Server_world.h(3570,23): warning C4018: '<': signed/unsigned mismatch
C:\Users\Almantas\Desktop\gtps\project_files\Server_world.h(3575,19): warning C4244: '=': conversion from 'int' to 'float', possible loss of data
C:\Users\Almantas\Desktop\gtps\project_files\Server_world.h(3576,19): warning C4244: '=': conversion from 'int' to 'float', possible loss of data
C:\Users\Almantas\Desktop\gtps\project_files\Server_world.h(3591,21): warning C4018: '<': signed/unsigned mismatch
C:\Users\Almantas\Desktop\gtps\project_files\Server_world.h(3607,23): warning C4018: '<': signed/unsigned mismatch
C:\Users\Almantas\Desktop\gtps\project_files\Server_world.h(3617,277): warning C4244: 'argument': conversion from 'int' to 'float', possible loss of data
C:\Users\Almantas\Desktop\gtps\project_files\Server_world.h(3617,224): warning C4244: 'argument': conversion from 'int' to 'float', possible loss of data
C:\Users\Almantas\Desktop\gtps\project_files\Server_world.h(3617,172): warning C4244: 'argument': conversion from 'int' to 'float', possible loss of data
C:\Users\Almantas\Desktop\gtps\project_files\Server_world.h(3617,435): warning C4244: 'argument': conversion from 'int' to 'float', possible loss of data
C:\Users\Almantas\Desktop\gtps\project_files\Server_world.h(3617,383): warning C4244: 'argument': conversion from 'int' to 'float', possible loss of data
C:\Users\Almantas\Desktop\gtps\project_files\Server_world.h(3617,331): warning C4244: 'argument': conversion from 'int' to 'float', possible loss of data
C:\Users\Almantas\Desktop\gtps\project_files\Server_world.h(3617,592): warning C4244: 'argument': conversion from 'int' to 'float', possible loss of data
C:\Users\Almantas\Desktop\gtps\project_files\Server_world.h(3617,540): warning C4244: 'argument': conversion from 'int' to 'float', possible loss of data
C:\Users\Almantas\Desktop\gtps\project_files\Server_world.h(3617,488): warning C4244: 'argument': conversion from 'int' to 'float', possible loss of data
C:\Users\Almantas\Desktop\gtps\project_files\Server_world.h(3617,701): warning C4244: 'argument': conversion from 'int' to 'float', possible loss of data
C:\Users\Almantas\Desktop\gtps\project_files\Server_world.h(3631,21): warning C4018: '<': signed/unsigned mismatch
C:\Users\Almantas\Desktop\gtps\project_files\Server_world.h(3650,23): warning C4018: '<': signed/unsigned mismatch
C:\Users\Almantas\Desktop\gtps\project_files\Server_world.h(3659,278): warning C4244: 'argument': conversion from 'int' to 'float', possible loss of data
C:\Users\Almantas\Desktop\gtps\project_files\Server_world.h(3659,225): warning C4244: 'argument': conversion from 'int' to 'float', possible loss of data
C:\Users\Almantas\Desktop\gtps\project_files\Server_world.h(3659,173): warning C4244: 'argument': conversion from 'int' to 'float', possible loss of data
C:\Users\Almantas\Desktop\gtps\project_files\Server_world.h(3659,436): warning C4244: 'argument': conversion from 'int' to 'float', possible loss of data
C:\Users\Almantas\Desktop\gtps\project_files\Server_world.h(3659,384): warning C4244: 'argument': conversion from 'int' to 'float', possible loss of data
C:\Users\Almantas\Desktop\gtps\project_files\Server_world.h(3659,332): warning C4244: 'argument': conversion from 'int' to 'float', possible loss of data
C:\Users\Almantas\Desktop\gtps\project_files\Server_world.h(3659,593): warning C4244: 'argument': conversion from 'int' to 'float', possible loss of data
C:\Users\Almantas\Desktop\gtps\project_files\Server_world.h(3659,541): warning C4244: 'argument': conversion from 'int' to 'float', possible loss of data
C:\Users\Almantas\Desktop\gtps\project_files\Server_world.h(3659,489): warning C4244: 'argument': conversion from 'int' to 'float', possible loss of data
C:\Users\Almantas\Desktop\gtps\project_files\Server_world.h(3659,702): warning C4244: 'argument': conversion from 'int' to 'float', possible loss of data
C:\Users\Almantas\Desktop\gtps\project_files\Server_world.h(3707,96): warning C4244: '=': conversion from '__int64' to 'int', possible loss of data
C:\Users\Almantas\Desktop\gtps\project_files\Server_world.h(3802,11): warning C4244: '=': conversion from 'const int' to 'float', possible loss of data
C:\Users\Almantas\Desktop\gtps\project_files\Server_world.h(3803,11): warning C4244: '=': conversion from 'const int' to 'float', possible loss of data
C:\Users\Almantas\Desktop\gtps\project_files\Server_world.h(3858,21): warning C4018: '<': signed/unsigned mismatch
C:\Users\Almantas\Desktop\gtps\project_files\Server_world.h(3859,9): warning C4018: '>=': signed/unsigned mismatch
C:\Users\Almantas\Desktop\gtps\project_files\Server_world.h(3873,20): warning C4305: 'initializing': truncation from 'double' to 'float'
C:\Users\Almantas\Desktop\gtps\project_files\Server_world.h(3874,56): warning C4244: '+=': conversion from 'double' to 'float', possible loss of data
C:\Users\Almantas\Desktop\gtps\project_files\Server_world.h(3997,13): warning C4244: '=': conversion from 'const int' to 'float', possible loss of data
C:\Users\Almantas\Desktop\gtps\project_files\Server_world.h(3998,13): warning C4244: '=': conversion from 'const int' to 'float', possible loss of data
C:\Users\Almantas\Desktop\gtps\project_files\Server_world.h(4105,88): warning C4244: 'argument': conversion from 'int' to 'float', possible loss of data
C:\Users\Almantas\Desktop\gtps\project_files\Server_world.h(4105,80): warning C4244: 'argument': conversion from 'int' to 'float', possible loss of data
C:\Users\Almantas\Desktop\gtps\project_files\Server_world.h(4136,94): warning C4244: 'argument': conversion from 'int' to 'float', possible loss of data
C:\Users\Almantas\Desktop\gtps\project_files\Server_world.h(4136,86): warning C4244: 'argument': conversion from 'int' to 'float', possible loss of data
C:\Users\Almantas\Desktop\gtps\project_files\Server_world.h(4162,111): warning C4244: 'argument': conversion from 'int' to 'float', possible loss of data
C:\Users\Almantas\Desktop\gtps\project_files\Server_world.h(4162,103): warning C4244: 'argument': conversion from 'const int' to 'float', possible loss of data
C:\Users\Almantas\Desktop\gtps\project_files\Server_world.h(4193,13): warning C4244: '=': conversion from 'int' to 'float', possible loss of data
C:\Users\Almantas\Desktop\gtps\project_files\Server_world.h(4194,13): warning C4244: '=': conversion from 'int' to 'float', possible loss of data
C:\Users\Almantas\Desktop\gtps\project_files\Server_world.h(4214,83): warning C4244: 'argument': conversion from 'int' to 'float', possible loss of data
C:\Users\Almantas\Desktop\gtps\project_files\Server_world.h(4214,78): warning C4244: 'argument': conversion from 'int' to 'float', possible loss of data
C:\Users\Almantas\Desktop\gtps\project_files\Server_world.h(4231,80): warning C4244: 'argument': conversion from 'int' to 'float', possible loss of data
C:\Users\Almantas\Desktop\gtps\project_files\Server_world.h(4231,77): warning C4244: 'argument': conversion from 'int' to 'float', possible loss of data
C:\Users\Almantas\Desktop\gtps\project_files\Server_world.h(4239,156): warning C4244: 'argument': conversion from 'int' to 'float', possible loss of data
C:\Users\Almantas\Desktop\gtps\project_files\Server_world.h(4239,113): warning C4244: 'argument': conversion from 'int' to 'float', possible loss of data
C:\Users\Almantas\Desktop\gtps\project_files\Server_world.h(4251,11): warning C4244: '=': conversion from 'int' to 'float', possible loss of data
C:\Users\Almantas\Desktop\gtps\project_files\Server_world.h(4252,11): warning C4244: '=': conversion from 'int' to 'float', possible loss of data
C:\Users\Almantas\Desktop\gtps\project_files\Server_world.h(4253,16): warning C4244: '=': conversion from 'int' to 'float', possible loss of data
C:\Users\Almantas\Desktop\gtps\project_files\Server_world.h(4254,16): warning C4244: '=': conversion from 'int' to 'float', possible loss of data
C:\Users\Almantas\Desktop\gtps\project_files\Server_world.h(4262,115): warning C4244: 'argument': conversion from 'int' to 'float', possible loss of data
C:\Users\Almantas\Desktop\gtps\project_files\Server_world.h(4262,74): warning C4244: 'argument': conversion from 'int' to 'float', possible loss of data
C:\Users\Almantas\Desktop\gtps\project_files\Server_world.h(4292,115): warning C4244: 'argument': conversion from 'int' to 'float', possible loss of data
C:\Users\Almantas\Desktop\gtps\project_files\Server_world.h(4292,74): warning C4244: 'argument': conversion from 'int' to 'float', possible loss of data
C:\Users\Almantas\Desktop\gtps\project_files\Server_world.h(4323,115): warning C4244: 'argument': conversion from 'int' to 'float', possible loss of data
C:\Users\Almantas\Desktop\gtps\project_files\Server_world.h(4323,74): warning C4244: 'argument': conversion from 'int' to 'float', possible loss of data
C:\Users\Almantas\Desktop\gtps\project_files\Server_world.h(4352,115): warning C4244: 'argument': conversion from 'int' to 'float', possible loss of data
C:\Users\Almantas\Desktop\gtps\project_files\Server_world.h(4352,74): warning C4244: 'argument': conversion from 'int' to 'float', possible loss of data
C:\Users\Almantas\Desktop\gtps\project_files\Server_world.h(4467,117): warning C4244: 'argument': conversion from 'int' to 'float', possible loss of data
C:\Users\Almantas\Desktop\gtps\project_files\Server_world.h(4467,76): warning C4244: 'argument': conversion from 'int' to 'float', possible loss of data
C:\Users\Almantas\Desktop\gtps\project_files\Server_world.h(4474,117): warning C4244: 'argument': conversion from 'int' to 'float', possible loss of data
C:\Users\Almantas\Desktop\gtps\project_files\Server_world.h(4474,76): warning C4244: 'argument': conversion from 'int' to 'float', possible loss of data
C:\Users\Almantas\Desktop\gtps\project_files\Server_world.h(4483,117): warning C4244: 'argument': conversion from 'int' to 'float', possible loss of data
C:\Users\Almantas\Desktop\gtps\project_files\Server_world.h(4483,76): warning C4244: 'argument': conversion from 'int' to 'float', possible loss of data
C:\Users\Almantas\Desktop\gtps\project_files\Server_world.h(4492,117): warning C4244: 'argument': conversion from 'int' to 'float', possible loss of data
C:\Users\Almantas\Desktop\gtps\project_files\Server_world.h(4492,76): warning C4244: 'argument': conversion from 'int' to 'float', possible loss of data
C:\Users\Almantas\Desktop\gtps\project_files\Server_world.h(4501,117): warning C4244: 'argument': conversion from 'int' to 'float', possible loss of data
C:\Users\Almantas\Desktop\gtps\project_files\Server_world.h(4501,76): warning C4244: 'argument': conversion from 'int' to 'float', possible loss of data
C:\Users\Almantas\Desktop\gtps\project_files\Server_world.h(4510,117): warning C4244: 'argument': conversion from 'int' to 'float', possible loss of data
C:\Users\Almantas\Desktop\gtps\project_files\Server_world.h(4510,76): warning C4244: 'argument': conversion from 'int' to 'float', possible loss of data
C:\Users\Almantas\Desktop\gtps\project_files\Server_world.h(4522,121): warning C4244: 'argument': conversion from 'int' to 'float', possible loss of data
C:\Users\Almantas\Desktop\gtps\project_files\Server_world.h(4522,80): warning C4244: 'argument': conversion from 'int' to 'float', possible loss of data
C:\Users\Almantas\Desktop\gtps\project_files\Server_world.h(4982,116): warning C4244: 'argument': conversion from 'int' to 'float', possible loss of data
C:\Users\Almantas\Desktop\gtps\project_files\Server_world.h(4982,75): warning C4244: 'argument': conversion from 'int' to 'float', possible loss of data
C:\Users\Almantas\Desktop\gtps\project_files\Server_world.h(4994,60): warning C4244: 'argument': conversion from 'int' to 'float', possible loss of data
C:\Users\Almantas\Desktop\gtps\project_files\Server_world.h(4994,47): warning C4244: 'argument': conversion from 'int' to 'float', possible loss of data
C:\Users\Almantas\Desktop\gtps\project_files\Server_world.h(5004,60): warning C4244: 'argument': conversion from 'int' to 'float', possible loss of data
C:\Users\Almantas\Desktop\gtps\project_files\Server_world.h(5004,47): warning C4244: 'argument': conversion from 'int' to 'float', possible loss of data
C:\Users\Almantas\Desktop\gtps\project_files\Server_world.h(5014,60): warning C4244: 'argument': conversion from 'int' to 'float', possible loss of data
C:\Users\Almantas\Desktop\gtps\project_files\Server_world.h(5014,47): warning C4244: 'argument': conversion from 'int' to 'float', possible loss of data
C:\Users\Almantas\Desktop\gtps\project_files\Server_world.h(5024,60): warning C4244: 'argument': conversion from 'int' to 'float', possible loss of data
C:\Users\Almantas\Desktop\gtps\project_files\Server_world.h(5024,47): warning C4244: 'argument': conversion from 'int' to 'float', possible loss of data
C:\Users\Almantas\Desktop\gtps\project_files\Server_world.h(5034,60): warning C4244: 'argument': conversion from 'int' to 'float', possible loss of data
C:\Users\Almantas\Desktop\gtps\project_files\Server_world.h(5034,47): warning C4244: 'argument': conversion from 'int' to 'float', possible loss of data
C:\Users\Almantas\Desktop\gtps\project_files\Server_world.h(5044,60): warning C4244: 'argument': conversion from 'int' to 'float', possible loss of data
C:\Users\Almantas\Desktop\gtps\project_files\Server_world.h(5044,47): warning C4244: 'argument': conversion from 'int' to 'float', possible loss of data
C:\Users\Almantas\Desktop\gtps\project_files\Server_world.h(5056,71): warning C4244: 'argument': conversion from 'int' to 'float', possible loss of data
C:\Users\Almantas\Desktop\gtps\project_files\Server_world.h(5056,53): warning C4244: 'argument': conversion from 'int' to 'float', possible loss of data
C:\Users\Almantas\Desktop\gtps\project_files\Server_world.h(5065,71): warning C4244: 'argument': conversion from 'int' to 'float', possible loss of data
C:\Users\Almantas\Desktop\gtps\project_files\Server_world.h(5065,53): warning C4244: 'argument': conversion from 'int' to 'float', possible loss of data
C:\Users\Almantas\Desktop\gtps\project_files\Server_world.h(5074,71): warning C4244: 'argument': conversion from 'int' to 'float', possible loss of data
C:\Users\Almantas\Desktop\gtps\project_files\Server_world.h(5074,53): warning C4244: 'argument': conversion from 'int' to 'float', possible loss of data
C:\Users\Almantas\Desktop\gtps\project_files\Server_world.h(5083,71): warning C4244: 'argument': conversion from 'int' to 'float', possible loss of data
C:\Users\Almantas\Desktop\gtps\project_files\Server_world.h(5083,53): warning C4244: 'argument': conversion from 'int' to 'float', possible loss of data
C:\Users\Almantas\Desktop\gtps\project_files\Server_world.h(5092,71): warning C4244: 'argument': conversion from 'int' to 'float', possible loss of data
C:\Users\Almantas\Desktop\gtps\project_files\Server_world.h(5092,53): warning C4244: 'argument': conversion from 'int' to 'float', possible loss of data
C:\Users\Almantas\Desktop\gtps\project_files\Server_world.h(5101,71): warning C4244: 'argument': conversion from 'int' to 'float', possible loss of data
C:\Users\Almantas\Desktop\gtps\project_files\Server_world.h(5101,53): warning C4244: 'argument': conversion from 'int' to 'float', possible loss of data
C:\Users\Almantas\Desktop\gtps\project_files\Server_world.h(5211,126): warning C4244: 'argument': conversion from 'int' to 'float', possible loss of data
C:\Users\Almantas\Desktop\gtps\project_files\Server_world.h(5211,85): warning C4244: 'argument': conversion from 'int' to 'float', possible loss of data
C:\Users\Almantas\Desktop\gtps\project_files\Server_world.h(5279,126): warning C4244: 'argument': conversion from 'int' to 'float', possible loss of data
C:\Users\Almantas\Desktop\gtps\project_files\Server_world.h(5279,85): warning C4244: 'argument': conversion from 'int' to 'float', possible loss of data
C:\Users\Almantas\Desktop\gtps\project_files\Server_world.h(5303,26): warning C4244: 'initializing': conversion from 'int' to 'float', possible loss of data
C:\Users\Almantas\Desktop\gtps\project_files\Server_world.h(5303,17): warning C4244: 'initializing': conversion from 'int' to 'const float', possible loss of data
C:\Users\Almantas\Desktop\gtps\project_files\Server_world.h(5304,27): warning C4244: 'initializing': conversion from 'int' to 'float', possible loss of data
C:\Users\Almantas\Desktop\gtps\project_files\Server_world.h(5304,18): warning C4244: 'initializing': conversion from 'int' to 'const float', possible loss of data
C:\Users\Almantas\Desktop\gtps\project_files\Server_world.h(5347,57): warning C4244: 'argument': conversion from 'int' to 'float', possible loss of data
C:\Users\Almantas\Desktop\gtps\project_files\Server_world.h(5347,49): warning C4244: 'argument': conversion from 'int' to 'float', possible loss of data
C:\Users\Almantas\Desktop\gtps\project_files\Server_world.h(5371,21): warning C4018: '<': signed/unsigned mismatch
C:\Users\Almantas\Desktop\gtps\project_files\Server_world.h(5377,30): warning C4018: '<': signed/unsigned mismatch
C:\Users\Almantas\Desktop\gtps\project_files\Server_world.h(5381,30): warning C4018: '<': signed/unsigned mismatch
C:\Users\Almantas\Desktop\gtps\project_files\Server_world.h(5391,44): warning C4018: '<': signed/unsigned mismatch
C:\Users\Almantas\Desktop\gtps\project_files\Server_world.h(5392,46): warning C4018: '<': signed/unsigned mismatch
C:\Users\Almantas\Desktop\gtps\project_files\Server_world.h(5410,45): warning C4018: '<': signed/unsigned mismatch
C:\Users\Almantas\Desktop\gtps\project_files\Server_world.h(5411,47): warning C4018: '<': signed/unsigned mismatch
C:\Users\Almantas\Desktop\gtps\project_files\Server_world.h(5412,47): warning C4018: '<': signed/unsigned mismatch
C:\Users\Almantas\Desktop\gtps\project_files\Server_world.h(5484,22): warning C4018: '<': signed/unsigned mismatch
C:\Users\Almantas\Desktop\gtps\project_files\Server_world.h(5522,22): warning C4018: '<': signed/unsigned mismatch
C:\Users\Almantas\Desktop\gtps\project_files\Server_world.h(6641,49): warning C4244: '=': conversion from 'int' to 'float', possible loss of data
C:\Users\Almantas\Desktop\gtps\project_files\Server_world.h(6642,49): warning C4244: '=': conversion from 'int' to 'float', possible loss of data
C:\Users\Almantas\Desktop\gtps\project_files\Server_world.h(6658,151): warning C4244: 'argument': conversion from 'int' to 'float', possible loss of data
C:\Users\Almantas\Desktop\gtps\project_files\Server_world.h(6658,96): warning C4244: 'argument': conversion from 'int' to 'float', possible loss of data
C:\Users\Almantas\Desktop\gtps\project_files\Server_world.h(6673,9): warning C4551: function call missing argument list
C:\Users\Almantas\Desktop\gtps\project_files\Server_world.h(6712,149): warning C4244: 'argument': conversion from 'int' to 'float', possible loss of data
C:\Users\Almantas\Desktop\gtps\project_files\Server_world.h(6712,94): warning C4244: 'argument': conversion from 'int' to 'float', possible loss of data
C:\Users\Almantas\Desktop\gtps\project_files\Server_world.h(6761,12): warning C4018: '<': signed/unsigned mismatch
C:\Users\Almantas\Desktop\gtps\project_files\Server_world.h(6786,22): warning C4018: '<': signed/unsigned mismatch
C:\Users\Almantas\Desktop\gtps\project_files\Server_world.h(7185,21): warning C4018: '<': signed/unsigned mismatch
C:\Users\Almantas\Desktop\gtps\project_files\Server_world.h(7205,21): warning C4018: '<': signed/unsigned mismatch
C:\Users\Almantas\Desktop\gtps\project_files\Server_world.h(7321,23): warning C4305: '=': truncation from '__int64' to 'float'
C:\Users\Almantas\Desktop\gtps\project_files\Server_world.h(7325,28): warning C4305: '=': truncation from '__int64' to 'float'
C:\Users\Almantas\Desktop\gtps\project_files\Server_world.h(7866,11): warning C4244: '=': conversion from 'int' to 'float', possible loss of data
C:\Users\Almantas\Desktop\gtps\project_files\Server_world.h(7867,11): warning C4244: '=': conversion from 'int' to 'float', possible loss of data
  The contents of <filesystem> are available only with C++17 or later.
C:\Users\Almantas\Desktop\gtps\project_files\Server_tile.h(26,11): warning C4018: '>': signed/unsigned mismatch
C:\Users\Almantas\Desktop\gtps\project_files\Server_tile.h(33,11): warning C4244: '=': conversion from 'int' to 'float', possible loss of data
C:\Users\Almantas\Desktop\gtps\project_files\Server_tile.h(34,11): warning C4244: '=': conversion from 'int' to 'float', possible loss of data
C:\Users\Almantas\Desktop\gtps\project_files\Server_tile.h(54,78): warning C4018: '>': signed/unsigned mismatch
C:\Users\Almantas\Desktop\gtps\project_files\Server_tile.h(97,90): warning C4244: '=': conversion from '__int64' to 'int', possible loss of data
C:\Users\Almantas\Desktop\gtps\project_files\Server_tile.h(203,79): warning C4244: 'argument': conversion from 'int' to 'float', possible loss of data
C:\Users\Almantas\Desktop\gtps\project_files\Server_tile.h(203,71): warning C4244: 'argument': conversion from 'int' to 'float', possible loss of data
C:\Users\Almantas\Desktop\gtps\project_files\Server_tile.h(218,67): warning C4244: 'argument': conversion from 'int' to 'float', possible loss of data
C:\Users\Almantas\Desktop\gtps\project_files\Server_tile.h(218,54): warning C4244: 'argument': conversion from 'int' to 'float', possible loss of data
C:\Users\Almantas\Desktop\gtps\project_files\Server_tile.h(344,17): warning C4244: '=': conversion from 'int' to 'float', possible loss of data
C:\Users\Almantas\Desktop\gtps\project_files\Server_tile.h(345,17): warning C4244: '=': conversion from 'int' to 'float', possible loss of data
C:\Users\Almantas\Desktop\gtps\project_files\Server_tile.h(366,17): warning C4244: '=': conversion from 'int' to 'float', possible loss of data
C:\Users\Almantas\Desktop\gtps\project_files\Server_tile.h(367,17): warning C4244: '=': conversion from 'int' to 'float', possible loss of data
C:\Users\Almantas\Desktop\gtps\project_files\Server_tile.h(383,88): warning C4244: '=': conversion from '__int64' to 'int', possible loss of data
C:\Users\Almantas\Desktop\gtps\project_files\Server_tile.h(862,73): warning C4244: 'argument': conversion from 'int' to 'float', possible loss of data
C:\Users\Almantas\Desktop\gtps\project_files\Server_tile.h(862,55): warning C4244: 'argument': conversion from 'int' to 'float', possible loss of data
C:\Users\Almantas\Desktop\gtps\project_files\Server_tile.h(915,25): warning C4018: '<': signed/unsigned mismatch
C:\Users\Almantas\Desktop\gtps\project_files\Server_tile.h(1073,26): warning C4018: '<': signed/unsigned mismatch
C:\Users\Almantas\Desktop\gtps\project_files\Server_tile.h(1257,26): warning C4018: '<': signed/unsigned mismatch
C:\Users\Almantas\Desktop\gtps\project_files\Server_tile.h(1269,26): warning C4018: '<': signed/unsigned mismatch
C:\Users\Almantas\Desktop\gtps\project_files\Server_tile.h(1286,26): warning C4018: '<': signed/unsigned mismatch
C:\Users\Almantas\Desktop\gtps\project_files\Server_tile.h(1303,26): warning C4018: '<': signed/unsigned mismatch
C:\Users\Almantas\Desktop\gtps\project_files\Server_tile.h(1320,26): warning C4018: '<': signed/unsigned mismatch
C:\Users\Almantas\Desktop\gtps\project_files\Server_tile.h(1337,26): warning C4018: '<': signed/unsigned mismatch
C:\Users\Almantas\Desktop\gtps\project_files\Server_tile.h(1354,26): warning C4018: '<': signed/unsigned mismatch
C:\Users\Almantas\Desktop\gtps\project_files\Server_tile.h(1371,26): warning C4018: '<': signed/unsigned mismatch
C:\Users\Almantas\Desktop\gtps\project_files\Server_tile.h(1388,26): warning C4018: '<': signed/unsigned mismatch
C:\Users\Almantas\Desktop\gtps\project_files\Server_tile.h(1405,26): warning C4018: '<': signed/unsigned mismatch
C:\Users\Almantas\Desktop\gtps\project_files\Server_tile.h(1422,26): warning C4018: '<': signed/unsigned mismatch
C:\Users\Almantas\Desktop\gtps\project_files\Server_tile.h(1439,26): warning C4018: '<': signed/unsigned mismatch
C:\Users\Almantas\Desktop\gtps\project_files\Server_tile.h(1456,26): warning C4018: '<': signed/unsigned mismatch
C:\Users\Almantas\Desktop\gtps\project_files\Server_tile.h(1470,24): warning C4018: '<': signed/unsigned mismatch
C:\Users\Almantas\Desktop\gtps\project_files\Server_tile.h(1491,28): warning C4018: '<': signed/unsigned mismatch
C:\Users\Almantas\Desktop\gtps\project_files\Server_tile.h(1507,27): warning C4018: '<': signed/unsigned mismatch
C:\Users\Almantas\Desktop\gtps\project_files\Server_tile.h(2828,117): warning C4244: 'argument': conversion from 'int' to 'float', possible loss of data
C:\Users\Almantas\Desktop\gtps\project_files\Server_tile.h(2828,76): warning C4244: 'argument': conversion from 'int' to 'float', possible loss of data
C:\Users\Almantas\Desktop\gtps\project_files\Server_tile.h(2932,56): warning C4309: '=': truncation of constant value
C:\Users\Almantas\Desktop\gtps\project_files\Server_tile.h(2940,86): warning C4244: '=': conversion from '__int64' to 'int', possible loss of data
C:\Users\Almantas\Desktop\gtps\project_files\Server_tile.h(2956,28): warning C4309: '=': truncation of constant value
C:\Users\Almantas\Desktop\gtps\project_files\Server_tile.h(2963,89): warning C4244: '=': conversion from '__int64' to 'int', possible loss of data
C:\Users\Almantas\Desktop\gtps\project_files\Server_tile.h(2982,87): warning C4244: '=': conversion from '__int64' to 'int', possible loss of data
C:\Users\Almantas\Desktop\gtps\project_files\Server_tile.h(2999,92): warning C4244: '=': conversion from '__int64' to 'int', possible loss of data
C:\Users\Almantas\Desktop\gtps\project_files\Server_tile.h(3016,92): warning C4244: '=': conversion from '__int64' to 'int', possible loss of data
C:\Users\Almantas\Desktop\gtps\project_files\Server_tile.h(3033,86): warning C4244: '=': conversion from '__int64' to 'int', possible loss of data
C:\Users\Almantas\Desktop\gtps\project_files\Server_tile.h(3068,69): warning C4244: 'argument': conversion from 'int' to 'float', possible loss of data
C:\Users\Almantas\Desktop\gtps\project_files\Server_tile.h(3068,56): warning C4244: 'argument': conversion from 'int' to 'float', possible loss of data
C:\Users\Almantas\Desktop\gtps\project_files\Server_tile.h(3171,58): warning C4244: 'argument': conversion from 'int' to 'float', possible loss of data
C:\Users\Almantas\Desktop\gtps\project_files\Server_tile.h(3171,50): warning C4244: 'argument': conversion from 'int' to 'float', possible loss of data
C:\Users\Almantas\Desktop\gtps\project_files\Server_tile.h(3245,93): warning C4244: 'argument': conversion from 'int' to 'float', possible loss of data
C:\Users\Almantas\Desktop\gtps\project_files\Server_tile.h(3245,68): warning C4244: 'argument': conversion from 'int' to 'float', possible loss of data
C:\Users\Almantas\Desktop\gtps\project_files\Server_tile.h(3297,18): warning C4244: '=': conversion from 'int' to 'float', possible loss of data
C:\Users\Almantas\Desktop\gtps\project_files\Server_tile.h(3298,18): warning C4244: '=': conversion from 'int' to 'float', possible loss of data
C:\Users\Almantas\Desktop\gtps\project_files\Server_tile.h(3656,471): warning C4806: '==': unsafe operation: no value of type 'bool' promoted to type 'int' can equal the given constant
C:\Users\Almantas\Desktop\gtps\project_files\Server_tile.h(3770,20): warning C4244: 'initializing': conversion from 'double' to 'int', possible loss of data
C:\Users\Almantas\Desktop\gtps\project_files\Server_tile.h(3771,21): warning C4244: 'initializing': conversion from 'double' to 'int', possible loss of data
C:\Users\Almantas\Desktop\gtps\project_files\Server_tile.h(3958,65): warning C4309: 'argument': truncation of constant value
C:\Users\Almantas\Desktop\gtps\project_files\Server_tile.h(3994,65): warning C4309: 'argument': truncation of constant value
C:\Users\Almantas\Desktop\gtps\project_files\Server_tile.h(4030,65): warning C4309: 'argument': truncation of constant value
C:\Users\Almantas\Desktop\gtps\project_files\Server_tile.h(4318,16): warning C4244: '=': conversion from 'int' to 'float', possible loss of data
C:\Users\Almantas\Desktop\gtps\project_files\Server_tile.h(4319,16): warning C4244: '=': conversion from 'int' to 'float', possible loss of data
C:\Users\Almantas\Desktop\gtps\project_files\Server_tile.h(4341,59): warning C4244: 'argument': conversion from 'int' to 'float', possible loss of data
C:\Users\Almantas\Desktop\gtps\project_files\Server_tile.h(4341,51): warning C4244: 'argument': conversion from 'int' to 'float', possible loss of data
C:\Users\Almantas\Desktop\gtps\project_files\Server_tile.h(4362,87): warning C4244: '=': conversion from '__int64' to 'int', possible loss of data
C:\Users\Almantas\Desktop\gtps\project_files\Server_tile.h(4647,71): warning C4244: 'argument': conversion from 'int' to 'float', possible loss of data
C:\Users\Almantas\Desktop\gtps\project_files\Server_tile.h(4647,53): warning C4244: 'argument': conversion from 'int' to 'float', possible loss of data
C:\Users\Almantas\Desktop\gtps\project_files\Server_tile.h(4671,50): warning C4244: 'argument': conversion from 'int' to 'float', possible loss of data
C:\Users\Almantas\Desktop\gtps\project_files\Server_tile.h(4671,46): warning C4244: 'argument': conversion from 'int' to 'float', possible loss of data
C:\Users\Almantas\Desktop\gtps\project_files\Server_tile.h(4681,76): warning C4244: 'argument': conversion from 'int' to 'float', possible loss of data
C:\Users\Almantas\Desktop\gtps\project_files\Server_tile.h(4681,58): warning C4244: 'argument': conversion from 'int' to 'float', possible loss of data
C:\Users\Almantas\Desktop\gtps\project_files\Server_tile.h(5032,28): warning C4018: '<': signed/unsigned mismatch
C:\Users\Almantas\Desktop\gtps\project_files\Server_tile.h(5215,22): warning C4018: '<': signed/unsigned mismatch
C:\Users\Almantas\Desktop\gtps\project_files\Server_tile.h(5305,84): warning C4244: '=': conversion from '__int64' to 'int', possible loss of data
C:\Users\Almantas\Desktop\gtps\project_files\Server_tile.h(5323,85): warning C4244: '=': conversion from '__int64' to 'int', possible loss of data
C:\Users\Almantas\Desktop\gtps\project_files\Server_tile.h(5341,84): warning C4244: '=': conversion from '__int64' to 'int', possible loss of data
C:\Users\Almantas\Desktop\gtps\project_files\Server_tile.h(5383,21): warning C4018: '<': signed/unsigned mismatch
C:\Users\Almantas\Desktop\gtps\project_files\Server_tile.h(5815,20): warning C4244: '=': conversion from 'int' to 'float', possible loss of data
C:\Users\Almantas\Desktop\gtps\project_files\Server_tile.h(5816,20): warning C4244: '=': conversion from 'int' to 'float', possible loss of data
C:\Users\Almantas\Desktop\gtps\project_files\Server_tile.h(5848,19): warning C4244: '=': conversion from 'int' to 'float', possible loss of data
C:\Users\Almantas\Desktop\gtps\project_files\Server_tile.h(5849,19): warning C4244: '=': conversion from 'int' to 'float', possible loss of data
C:\Users\Almantas\Desktop\gtps\project_files\Server_tile.h(6441,154): warning C4244: 'argument': conversion from 'int' to 'float', possible loss of data
C:\Users\Almantas\Desktop\gtps\project_files\Server_tile.h(6441,108): warning C4244: 'argument': conversion from 'int' to 'float', possible loss of data
C:\Users\Almantas\Desktop\gtps\project_files\Server_tile.h(6443,75): warning C4244: 'argument': conversion from 'int' to 'float', possible loss of data
C:\Users\Almantas\Desktop\gtps\project_files\Server_tile.h(6443,72): warning C4244: 'argument': conversion from 'int' to 'float', possible loss of data
C:\Users\Almantas\Desktop\gtps\project_files\World_events.h(15,18): warning C4244: '=': conversion from 'const int' to 'float', possible loss of data
C:\Users\Almantas\Desktop\gtps\project_files\World_events.h(16,18): warning C4244: '=': conversion from 'int' to 'float', possible loss of data
C:\Users\Almantas\Desktop\gtps\project_files\World_events.h(28,13): warning C4244: '=': conversion from 'const int' to 'float', possible loss of data
C:\Users\Almantas\Desktop\gtps\project_files\World_events.h(29,13): warning C4244: '=': conversion from 'int' to 'float', possible loss of data
C:\Users\Almantas\Desktop\gtps\project_files\World_events.h(32,14): warning C4244: 'initializing': conversion from 'const int' to 'float', possible loss of data
C:\Users\Almantas\Desktop\gtps\project_files\World_events.h(59,26): warning C4018: '<': signed/unsigned mismatch
C:\Users\Almantas\Desktop\gtps\project_files\World_events.h(60,12): warning C4018: '>=': signed/unsigned mismatch
C:\Users\Almantas\Desktop\gtps\project_files\World_events.h(122,19): warning C4244: '=': conversion from 'int' to 'float', possible loss of data
C:\Users\Almantas\Desktop\gtps\project_files\World_events.h(123,19): warning C4244: '=': conversion from 'int' to 'float', possible loss of data
C:\Users\Almantas\Desktop\gtps\project_files\World_events.h(157,64): warning C4244: 'argument': conversion from 'int' to 'float', possible loss of data
C:\Users\Almantas\Desktop\gtps\project_files\World_events.h(157,56): warning C4244: 'argument': conversion from 'int' to 'float', possible loss of data
C:\Users\Almantas\Desktop\gtps\project_files\World_events.h(168,64): warning C4244: 'argument': conversion from 'int' to 'float', possible loss of data
C:\Users\Almantas\Desktop\gtps\project_files\World_events.h(168,56): warning C4244: 'argument': conversion from 'int' to 'float', possible loss of data
C:\Users\Almantas\Desktop\gtps\project_files\World_events.h(179,64): warning C4244: 'argument': conversion from 'int' to 'float', possible loss of data
C:\Users\Almantas\Desktop\gtps\project_files\World_events.h(179,56): warning C4244: 'argument': conversion from 'int' to 'float', possible loss of data
C:\Users\Almantas\Desktop\gtps\project_files\World_events.h(190,64): warning C4244: 'argument': conversion from 'int' to 'float', possible loss of data
C:\Users\Almantas\Desktop\gtps\project_files\World_events.h(190,56): warning C4244: 'argument': conversion from 'int' to 'float', possible loss of data
C:\Users\Almantas\Desktop\gtps\project_files\World_events.h(202,20): warning C4244: '=': conversion from 'int' to 'float', possible loss of data
C:\Users\Almantas\Desktop\gtps\project_files\World_events.h(203,18): warning C4244: '=': conversion from 'int' to 'float', possible loss of data
C:\Users\Almantas\Desktop\gtps\project_files\World_events.h(226,20): warning C4244: '=': conversion from 'int' to 'float', possible loss of data
C:\Users\Almantas\Desktop\gtps\project_files\World_events.h(227,18): warning C4244: '=': conversion from 'int' to 'float', possible loss of data
C:\Users\Almantas\Desktop\gtps\project_files\World_events.h(250,18): warning C4244: '=': conversion from 'int' to 'float', possible loss of data
C:\Users\Almantas\Desktop\gtps\project_files\World_events.h(251,20): warning C4244: '=': conversion from 'int' to 'float', possible loss of data
C:\Users\Almantas\Desktop\gtps\project_files\World_events.h(274,18): warning C4244: '=': conversion from 'int' to 'float', possible loss of data
C:\Users\Almantas\Desktop\gtps\project_files\World_events.h(275,20): warning C4244: '=': conversion from 'int' to 'float', possible loss of data
C:\Users\Almantas\Desktop\gtps\project_files\World_events.h(302,20): warning C4244: '=': conversion from 'int' to 'float', possible loss of data
C:\Users\Almantas\Desktop\gtps\project_files\World_events.h(303,18): warning C4244: '=': conversion from 'int' to 'float', possible loss of data
C:\Users\Almantas\Desktop\gtps\project_files\World_events.h(326,20): warning C4244: '=': conversion from 'int' to 'float', possible loss of data
C:\Users\Almantas\Desktop\gtps\project_files\World_events.h(327,18): warning C4244: '=': conversion from 'int' to 'float', possible loss of data
C:\Users\Almantas\Desktop\gtps\project_files\World_events.h(350,18): warning C4244: '=': conversion from 'int' to 'float', possible loss of data
C:\Users\Almantas\Desktop\gtps\project_files\World_events.h(351,20): warning C4244: '=': conversion from 'int' to 'float', possible loss of data
C:\Users\Almantas\Desktop\gtps\project_files\World_events.h(374,18): warning C4244: '=': conversion from 'int' to 'float', possible loss of data
C:\Users\Almantas\Desktop\gtps\project_files\World_events.h(375,20): warning C4244: '=': conversion from 'int' to 'float', possible loss of data
C:\Users\Almantas\Desktop\gtps\project_files\World_events.h(402,20): warning C4244: '=': conversion from 'int' to 'float', possible loss of data
C:\Users\Almantas\Desktop\gtps\project_files\World_events.h(403,18): warning C4244: '=': conversion from 'int' to 'float', possible loss of data
C:\Users\Almantas\Desktop\gtps\project_files\World_events.h(426,20): warning C4244: '=': conversion from 'int' to 'float', possible loss of data
C:\Users\Almantas\Desktop\gtps\project_files\World_events.h(427,18): warning C4244: '=': conversion from 'int' to 'float', possible loss of data
C:\Users\Almantas\Desktop\gtps\project_files\World_events.h(450,18): warning C4244: '=': conversion from 'int' to 'float', possible loss of data
C:\Users\Almantas\Desktop\gtps\project_files\World_events.h(451,20): warning C4244: '=': conversion from 'int' to 'float', possible loss of data
C:\Users\Almantas\Desktop\gtps\project_files\World_events.h(474,18): warning C4244: '=': conversion from 'int' to 'float', possible loss of data
C:\Users\Almantas\Desktop\gtps\project_files\World_events.h(475,20): warning C4244: '=': conversion from 'int' to 'float', possible loss of data
C:\Users\Almantas\Desktop\gtps\project_files\World_events.h(502,20): warning C4244: '=': conversion from 'int' to 'float', possible loss of data
C:\Users\Almantas\Desktop\gtps\project_files\World_events.h(503,18): warning C4244: '=': conversion from 'int' to 'float', possible loss of data
C:\Users\Almantas\Desktop\gtps\project_files\World_events.h(526,20): warning C4244: '=': conversion from 'int' to 'float', possible loss of data
C:\Users\Almantas\Desktop\gtps\project_files\World_events.h(527,18): warning C4244: '=': conversion from 'int' to 'float', possible loss of data
C:\Users\Almantas\Desktop\gtps\project_files\World_events.h(550,18): warning C4244: '=': conversion from 'int' to 'float', possible loss of data
C:\Users\Almantas\Desktop\gtps\project_files\World_events.h(551,20): warning C4244: '=': conversion from 'int' to 'float', possible loss of data
C:\Users\Almantas\Desktop\gtps\project_files\World_events.h(574,18): warning C4244: '=': conversion from 'int' to 'float', possible loss of data
C:\Users\Almantas\Desktop\gtps\project_files\World_events.h(575,20): warning C4244: '=': conversion from 'int' to 'float', possible loss of data
C:\Users\Almantas\Desktop\gtps\project_files\World_events.h(602,20): warning C4244: '=': conversion from 'int' to 'float', possible loss of data
C:\Users\Almantas\Desktop\gtps\project_files\World_events.h(603,18): warning C4244: '=': conversion from 'int' to 'float', possible loss of data
C:\Users\Almantas\Desktop\gtps\project_files\World_events.h(626,20): warning C4244: '=': conversion from 'int' to 'float', possible loss of data
C:\Users\Almantas\Desktop\gtps\project_files\World_events.h(627,18): warning C4244: '=': conversion from 'int' to 'float', possible loss of data
C:\Users\Almantas\Desktop\gtps\project_files\World_events.h(650,18): warning C4244: '=': conversion from 'int' to 'float', possible loss of data
C:\Users\Almantas\Desktop\gtps\project_files\World_events.h(651,20): warning C4244: '=': conversion from 'int' to 'float', possible loss of data
C:\Users\Almantas\Desktop\gtps\project_files\World_events.h(674,18): warning C4244: '=': conversion from 'int' to 'float', possible loss of data
C:\Users\Almantas\Desktop\gtps\project_files\World_events.h(675,20): warning C4244: '=': conversion from 'int' to 'float', possible loss of data
C:\Users\Almantas\Desktop\gtps\project_files\World_events.h(702,20): warning C4244: '=': conversion from 'int' to 'float', possible loss of data
C:\Users\Almantas\Desktop\gtps\project_files\World_events.h(703,18): warning C4244: '=': conversion from 'int' to 'float', possible loss of data
C:\Users\Almantas\Desktop\gtps\project_files\World_events.h(726,20): warning C4244: '=': conversion from 'int' to 'float', possible loss of data
C:\Users\Almantas\Desktop\gtps\project_files\World_events.h(727,18): warning C4244: '=': conversion from 'int' to 'float', possible loss of data
C:\Users\Almantas\Desktop\gtps\project_files\World_events.h(750,18): warning C4244: '=': conversion from 'int' to 'float', possible loss of data
C:\Users\Almantas\Desktop\gtps\project_files\World_events.h(751,20): warning C4244: '=': conversion from 'int' to 'float', possible loss of data
C:\Users\Almantas\Desktop\gtps\project_files\World_events.h(774,18): warning C4244: '=': conversion from 'int' to 'float', possible loss of data
C:\Users\Almantas\Desktop\gtps\project_files\World_events.h(775,20): warning C4244: '=': conversion from 'int' to 'float', possible loss of data
C:\Users\Almantas\Desktop\gtps\project_files\World_events.h(799,22): warning C4018: '<': signed/unsigned mismatch
C:\Users\Almantas\Desktop\gtps\project_files\World_events.h(800,10): warning C4018: '>=': signed/unsigned mismatch
C:\Users\Almantas\Desktop\gtps\project_files\World_events.h(818,15): warning C4244: 'argument': conversion from 'time_t' to 'unsigned int', possible loss of data
C:\Users\Almantas\Desktop\gtps\project_files\World_events.h(986,26): warning C4018: '<': signed/unsigned mismatch
C:\Users\Almantas\Desktop\gtps\project_files\World_events.h(987,12): warning C4018: '>=': signed/unsigned mismatch
C:\Users\Almantas\Desktop\gtps\project_files\World_events.h(1024,18): warning C4244: '=': conversion from 'int' to 'float', possible loss of data
C:\Users\Almantas\Desktop\gtps\project_files\World_events.h(1025,20): warning C4244: '=': conversion from 'int' to 'float', possible loss of data
C:\Users\Almantas\Desktop\gtps\project_files\World_events.h(1049,64): warning C4244: 'argument': conversion from 'int' to 'float', possible loss of data
C:\Users\Almantas\Desktop\gtps\project_files\World_events.h(1049,56): warning C4244: 'argument': conversion from 'int' to 'float', possible loss of data
C:\Users\Almantas\Desktop\gtps\project_files\World_events.h(1085,26): warning C4018: '<': signed/unsigned mismatch
C:\Users\Almantas\Desktop\gtps\project_files\World_events.h(1086,12): warning C4018: '>=': signed/unsigned mismatch
C:\Users\Almantas\Desktop\gtps\project_files\World_events.h(1126,85): warning C4244: 'argument': conversion from 'int' to 'float', possible loss of data
C:\Users\Almantas\Desktop\gtps\project_files\World_events.h(1126,64): warning C4244: 'argument': conversion from 'int' to 'float', possible loss of data
C:\Users\Almantas\Desktop\gtps\project_files\World_events.h(1226,69): warning C4244: 'argument': conversion from 'int' to 'float', possible loss of data
C:\Users\Almantas\Desktop\gtps\project_files\World_events.h(1226,61): warning C4244: 'argument': conversion from 'int' to 'float', possible loss of data
C:\Users\Almantas\Desktop\gtps\project_files\World_events.h(1233,22): warning C4244: '=': conversion from 'int' to 'float', possible loss of data
C:\Users\Almantas\Desktop\gtps\project_files\World_events.h(1234,22): warning C4244: '=': conversion from 'int' to 'float', possible loss of data
C:\Users\Almantas\Desktop\gtps\project_files\World_events.h(1257,104): warning C4244: '=': conversion from '__int64' to 'int', possible loss of data
C:\Users\Almantas\Desktop\gtps\project_files\World_events.h(1300,68): warning C4244: 'argument': conversion from 'int' to 'float', possible loss of data
C:\Users\Almantas\Desktop\gtps\project_files\World_events.h(1300,60): warning C4244: 'argument': conversion from 'int' to 'float', possible loss of data
C:\Users\Almantas\Desktop\gtps\project_files\World_events.h(1369,18): warning C4244: '=': conversion from 'int' to 'float', possible loss of data
C:\Users\Almantas\Desktop\gtps\project_files\World_events.h(1370,18): warning C4244: '=': conversion from 'int' to 'float', possible loss of data
C:\Users\Almantas\Desktop\gtps\project_files\World_events.h(1390,18): warning C4244: '=': conversion from 'int' to 'float', possible loss of data
C:\Users\Almantas\Desktop\gtps\project_files\World_events.h(1391,20): warning C4244: '=': conversion from 'int' to 'float', possible loss of data
C:\Users\Almantas\Desktop\gtps\project_files\server.cpp(13,12): warning C4244: 'argument': conversion from 'time_t' to 'unsigned int', possible loss of data
C:\Users\Almantas\Desktop\gtps\project_files\server.cpp(19,28): warning C4244: '=': conversion from 'std::streamoff' to 'int', possible loss of data
C:\Users\Almantas\Desktop\gtps\project_files\server.cpp(22,22): warning C4018: '<': signed/unsigned mismatch
C:\Users\Almantas\Desktop\gtps\project_files\server.cpp(35,19): warning C4244: '=': conversion from 'std::streamoff' to 'int', possible loss of data
C:\Users\Almantas\Desktop\gtps\project_files\server.cpp(141,25): warning C4018: '<': signed/unsigned mismatch
C:\Users\Almantas\Desktop\gtps\project_files\server.cpp(370,112): warning C4018: '>=': signed/unsigned mismatch
C:\Users\Almantas\Desktop\gtps\project_files\server.cpp(370,310): warning C4018: '>=': signed/unsigned mismatch
C:\Users\Almantas\Desktop\gtps\project_files\server.cpp(407,112): warning C4018: '>=': signed/unsigned mismatch
C:\Users\Almantas\Desktop\gtps\project_files\server.cpp(407,310): warning C4018: '>=': signed/unsigned mismatch
C:\Users\Almantas\Desktop\gtps\project_files\server.cpp(444,112): warning C4018: '>=': signed/unsigned mismatch
C:\Users\Almantas\Desktop\gtps\project_files\server.cpp(444,310): warning C4018: '>=': signed/unsigned mismatch
C:\Users\Almantas\Desktop\gtps\project_files\server.cpp(481,112): warning C4018: '>=': signed/unsigned mismatch
C:\Users\Almantas\Desktop\gtps\project_files\server.cpp(481,310): warning C4018: '>=': signed/unsigned mismatch
C:\Users\Almantas\Desktop\gtps\project_files\server.cpp(518,112): warning C4018: '>=': signed/unsigned mismatch
C:\Users\Almantas\Desktop\gtps\project_files\server.cpp(518,310): warning C4018: '>=': signed/unsigned mismatch
C:\Users\Almantas\Desktop\gtps\project_files\server.cpp(555,112): warning C4018: '>=': signed/unsigned mismatch
C:\Users\Almantas\Desktop\gtps\project_files\server.cpp(555,310): warning C4018: '>=': signed/unsigned mismatch
C:\Users\Almantas\Desktop\gtps\project_files\server.cpp(592,112): warning C4018: '>=': signed/unsigned mismatch
C:\Users\Almantas\Desktop\gtps\project_files\server.cpp(592,310): warning C4018: '>=': signed/unsigned mismatch
C:\Users\Almantas\Desktop\gtps\project_files\server.cpp(629,112): warning C4018: '>=': signed/unsigned mismatch
C:\Users\Almantas\Desktop\gtps\project_files\server.cpp(629,310): warning C4018: '>=': signed/unsigned mismatch
C:\Users\Almantas\Desktop\gtps\project_files\server.cpp(667,112): warning C4018: '>=': signed/unsigned mismatch
C:\Users\Almantas\Desktop\gtps\project_files\server.cpp(667,310): warning C4018: '>=': signed/unsigned mismatch
C:\Users\Almantas\Desktop\gtps\project_files\server.cpp(704,112): warning C4018: '>=': signed/unsigned mismatch
C:\Users\Almantas\Desktop\gtps\project_files\server.cpp(704,310): warning C4018: '>=': signed/unsigned mismatch
C:\Users\Almantas\Desktop\gtps\project_files\server.cpp(741,112): warning C4018: '>=': signed/unsigned mismatch
C:\Users\Almantas\Desktop\gtps\project_files\server.cpp(741,310): warning C4018: '>=': signed/unsigned mismatch
C:\Users\Almantas\Desktop\gtps\project_files\server.cpp(799,283): warning C4244: 'argument': conversion from 'int' to 'float', possible loss of data
C:\Users\Almantas\Desktop\gtps\project_files\server.cpp(799,230): warning C4244: 'argument': conversion from 'int' to 'float', possible loss of data
C:\Users\Almantas\Desktop\gtps\project_files\server.cpp(799,178): warning C4244: 'argument': conversion from 'int' to 'float', possible loss of data
C:\Users\Almantas\Desktop\gtps\project_files\server.cpp(799,441): warning C4244: 'argument': conversion from 'int' to 'float', possible loss of data
C:\Users\Almantas\Desktop\gtps\project_files\server.cpp(799,389): warning C4244: 'argument': conversion from 'int' to 'float', possible loss of data
C:\Users\Almantas\Desktop\gtps\project_files\server.cpp(799,337): warning C4244: 'argument': conversion from 'int' to 'float', possible loss of data
C:\Users\Almantas\Desktop\gtps\project_files\server.cpp(799,598): warning C4244: 'argument': conversion from 'int' to 'float', possible loss of data
C:\Users\Almantas\Desktop\gtps\project_files\server.cpp(799,546): warning C4244: 'argument': conversion from 'int' to 'float', possible loss of data
C:\Users\Almantas\Desktop\gtps\project_files\server.cpp(799,494): warning C4244: 'argument': conversion from 'int' to 'float', possible loss of data
C:\Users\Almantas\Desktop\gtps\project_files\server.cpp(799,707): warning C4244: 'argument': conversion from 'int' to 'float', possible loss of data
C:\Users\Almantas\Desktop\gtps\project_files\server.cpp(832,374): warning C4018: '>=': signed/unsigned mismatch
C:\Users\Almantas\Desktop\gtps\project_files\server.cpp(875,432): warning C4018: '>=': signed/unsigned mismatch
C:\Users\Almantas\Desktop\gtps\project_files\server.cpp(924,112): warning C4018: '>=': signed/unsigned mismatch
C:\Users\Almantas\Desktop\gtps\project_files\server.cpp(924,310): warning C4018: '>=': signed/unsigned mismatch
C:\Users\Almantas\Desktop\gtps\project_files\server.cpp(961,26): warning C4018: '<': signed/unsigned mismatch
C:\Users\Almantas\Desktop\gtps\project_files\server.cpp(968,112): warning C4018: '>=': signed/unsigned mismatch
C:\Users\Almantas\Desktop\gtps\project_files\server.cpp(968,310): warning C4018: '>=': signed/unsigned mismatch
C:\Users\Almantas\Desktop\gtps\project_files\server.cpp(1000,26): warning C4018: '<': signed/unsigned mismatch
C:\Users\Almantas\Desktop\gtps\project_files\server.cpp(1007,112): warning C4018: '>=': signed/unsigned mismatch
C:\Users\Almantas\Desktop\gtps\project_files\server.cpp(1007,310): warning C4018: '>=': signed/unsigned mismatch
C:\Users\Almantas\Desktop\gtps\project_files\server.cpp(1039,26): warning C4018: '<': signed/unsigned mismatch
C:\Users\Almantas\Desktop\gtps\project_files\server.cpp(1046,112): warning C4018: '>=': signed/unsigned mismatch
C:\Users\Almantas\Desktop\gtps\project_files\server.cpp(1046,310): warning C4018: '>=': signed/unsigned mismatch
C:\Users\Almantas\Desktop\gtps\project_files\server.cpp(1078,26): warning C4018: '<': signed/unsigned mismatch
C:\Users\Almantas\Desktop\gtps\project_files\server.cpp(1085,112): warning C4018: '>=': signed/unsigned mismatch
C:\Users\Almantas\Desktop\gtps\project_files\server.cpp(1085,310): warning C4018: '>=': signed/unsigned mismatch
C:\Users\Almantas\Desktop\gtps\project_files\server.cpp(1117,26): warning C4018: '<': signed/unsigned mismatch
C:\Users\Almantas\Desktop\gtps\project_files\server.cpp(1124,112): warning C4018: '>=': signed/unsigned mismatch
C:\Users\Almantas\Desktop\gtps\project_files\server.cpp(1124,310): warning C4018: '>=': signed/unsigned mismatch
C:\Users\Almantas\Desktop\gtps\project_files\server.cpp(1156,26): warning C4018: '<': signed/unsigned mismatch
C:\Users\Almantas\Desktop\gtps\project_files\server.cpp(1163,112): warning C4018: '>=': signed/unsigned mismatch
C:\Users\Almantas\Desktop\gtps\project_files\server.cpp(1163,310): warning C4018: '>=': signed/unsigned mismatch
C:\Users\Almantas\Desktop\gtps\project_files\server.cpp(1195,26): warning C4018: '<': signed/unsigned mismatch
C:\Users\Almantas\Desktop\gtps\project_files\server.cpp(1202,112): warning C4018: '>=': signed/unsigned mismatch
C:\Users\Almantas\Desktop\gtps\project_files\server.cpp(1202,310): warning C4018: '>=': signed/unsigned mismatch
C:\Users\Almantas\Desktop\gtps\project_files\server.cpp(1234,26): warning C4018: '<': signed/unsigned mismatch
C:\Users\Almantas\Desktop\gtps\project_files\server.cpp(1241,112): warning C4018: '>=': signed/unsigned mismatch
C:\Users\Almantas\Desktop\gtps\project_files\server.cpp(1241,310): warning C4018: '>=': signed/unsigned mismatch
C:\Users\Almantas\Desktop\gtps\project_files\server.cpp(1273,26): warning C4018: '<': signed/unsigned mismatch
C:\Users\Almantas\Desktop\gtps\project_files\server.cpp(1280,112): warning C4018: '>=': signed/unsigned mismatch
C:\Users\Almantas\Desktop\gtps\project_files\server.cpp(1280,310): warning C4018: '>=': signed/unsigned mismatch
C:\Users\Almantas\Desktop\gtps\project_files\server.cpp(1312,26): warning C4018: '<': signed/unsigned mismatch
C:\Users\Almantas\Desktop\gtps\project_files\server.cpp(1319,112): warning C4018: '>=': signed/unsigned mismatch
C:\Users\Almantas\Desktop\gtps\project_files\server.cpp(1319,310): warning C4018: '>=': signed/unsigned mismatch
C:\Users\Almantas\Desktop\gtps\project_files\server.cpp(1351,26): warning C4018: '<': signed/unsigned mismatch
C:\Users\Almantas\Desktop\gtps\project_files\server.cpp(1358,112): warning C4018: '>=': signed/unsigned mismatch
C:\Users\Almantas\Desktop\gtps\project_files\server.cpp(1358,310): warning C4018: '>=': signed/unsigned mismatch
C:\Users\Almantas\Desktop\gtps\project_files\server.cpp(1413,248): warning C4018: '>=': signed/unsigned mismatch
C:\Users\Almantas\Desktop\gtps\project_files\server.cpp(1457,112): warning C4018: '>=': signed/unsigned mismatch
C:\Users\Almantas\Desktop\gtps\project_files\server.cpp(1457,310): warning C4018: '>=': signed/unsigned mismatch
C:\Users\Almantas\Desktop\gtps\project_files\server.cpp(1496,112): warning C4018: '>=': signed/unsigned mismatch
C:\Users\Almantas\Desktop\gtps\project_files\server.cpp(1496,310): warning C4018: '>=': signed/unsigned mismatch
C:\Users\Almantas\Desktop\gtps\project_files\server.cpp(1531,341): warning C4018: '>=': signed/unsigned mismatch
C:\Users\Almantas\Desktop\gtps\project_files\server.cpp(1574,575): warning C4018: '>=': signed/unsigned mismatch
C:\Users\Almantas\Desktop\gtps\project_files\server.cpp(1625,439): warning C4018: '>=': signed/unsigned mismatch
C:\Users\Almantas\Desktop\gtps\project_files\server.cpp(1677,431): warning C4018: '>=': signed/unsigned mismatch
C:\Users\Almantas\Desktop\gtps\project_files\server.cpp(1723,341): warning C4018: '>=': signed/unsigned mismatch
C:\Users\Almantas\Desktop\gtps\project_files\server.cpp(1765,275): warning C4018: '>=': signed/unsigned mismatch
C:\Users\Almantas\Desktop\gtps\project_files\server.cpp(1804,242): warning C4018: '>=': signed/unsigned mismatch
C:\Users\Almantas\Desktop\gtps\project_files\server.cpp(1839,26): warning C4018: '<': signed/unsigned mismatch
C:\Users\Almantas\Desktop\gtps\project_files\server.cpp(1890,54): warning C4018: '<': signed/unsigned mismatch
C:\Users\Almantas\Desktop\gtps\project_files\server.cpp(2098,29): warning C4018: '<': signed/unsigned mismatch
C:\Users\Almantas\Desktop\gtps\project_files\server.cpp(2129,29): warning C4244: '=': conversion from 'double' to 'int', possible loss of data
C:\Users\Almantas\Desktop\gtps\project_files\server.cpp(2133,30): warning C4244: '=': conversion from 'double' to 'int', possible loss of data
C:\Users\Almantas\Desktop\gtps\project_files\server.cpp(2333,29): warning C4018: '<': signed/unsigned mismatch
C:\Users\Almantas\Desktop\gtps\project_files\server.cpp(2340,32): warning C4018: '<': signed/unsigned mismatch
C:\Users\Almantas\Desktop\gtps\project_files\server.cpp(2358,29): warning C4018: '<': signed/unsigned mismatch
C:\Users\Almantas\Desktop\gtps\project_files\server.cpp(2366,33): warning C4018: '<': signed/unsigned mismatch
C:\Users\Almantas\Desktop\gtps\project_files\server.cpp(2381,29): warning C4018: '<': signed/unsigned mismatch
C:\Users\Almantas\Desktop\gtps\project_files\server.cpp(2389,33): warning C4018: '<': signed/unsigned mismatch
C:\Users\Almantas\Desktop\gtps\project_files\server.cpp(2404,29): warning C4018: '<': signed/unsigned mismatch
C:\Users\Almantas\Desktop\gtps\project_files\server.cpp(2412,33): warning C4018: '<': signed/unsigned mismatch
C:\Users\Almantas\Desktop\gtps\project_files\server.cpp(2427,29): warning C4018: '<': signed/unsigned mismatch
C:\Users\Almantas\Desktop\gtps\project_files\server.cpp(2435,33): warning C4018: '<': signed/unsigned mismatch
C:\Users\Almantas\Desktop\gtps\project_files\server.cpp(2450,29): warning C4018: '<': signed/unsigned mismatch
C:\Users\Almantas\Desktop\gtps\project_files\server.cpp(2458,33): warning C4018: '<': signed/unsigned mismatch
C:\Users\Almantas\Desktop\gtps\project_files\server.cpp(2473,29): warning C4018: '<': signed/unsigned mismatch
C:\Users\Almantas\Desktop\gtps\project_files\server.cpp(2481,33): warning C4018: '<': signed/unsigned mismatch
C:\Users\Almantas\Desktop\gtps\project_files\server.cpp(2496,29): warning C4018: '<': signed/unsigned mismatch
C:\Users\Almantas\Desktop\gtps\project_files\server.cpp(2503,32): warning C4018: '<': signed/unsigned mismatch
C:\Users\Almantas\Desktop\gtps\project_files\server.cpp(2881,66): warning C4244: 'argument': conversion from 'int' to 'float', possible loss of data
C:\Users\Almantas\Desktop\gtps\project_files\server.cpp(2881,58): warning C4244: 'argument': conversion from 'int' to 'float', possible loss of data
C:\Users\Almantas\Desktop\gtps\project_files\server.cpp(2898,30): warning C4018: '<': signed/unsigned mismatch
C:\Users\Almantas\Desktop\gtps\project_files\server.cpp(2929,65): warning C4244: 'argument': conversion from 'int' to 'float', possible loss of data
C:\Users\Almantas\Desktop\gtps\project_files\server.cpp(2929,57): warning C4244: 'argument': conversion from 'int' to 'float', possible loss of data
C:\Users\Almantas\Desktop\gtps\project_files\server.cpp(2976,65): warning C4244: 'argument': conversion from 'int' to 'float', possible loss of data
C:\Users\Almantas\Desktop\gtps\project_files\server.cpp(2976,57): warning C4244: 'argument': conversion from 'int' to 'float', possible loss of data
C:\Users\Almantas\Desktop\gtps\project_files\server.cpp(2999,30): warning C4018: '<': signed/unsigned mismatch
C:\Users\Almantas\Desktop\gtps\project_files\server.cpp(3030,28): warning C4244: '=': conversion from 'double' to 'int', possible loss of data
C:\Users\Almantas\Desktop\gtps\project_files\server.cpp(3034,29): warning C4244: '=': conversion from 'double' to 'int', possible loss of data
C:\Users\Almantas\Desktop\gtps\project_files\server.cpp(3059,30): warning C4018: '<': signed/unsigned mismatch
C:\Users\Almantas\Desktop\gtps\project_files\server.cpp(3120,30): warning C4018: '<': signed/unsigned mismatch
C:\Users\Almantas\Desktop\gtps\project_files\server.cpp(3203,23): warning C4244: 'initializing': conversion from 'int' to 'float', possible loss of data
C:\Users\Almantas\Desktop\gtps\project_files\server.cpp(3219,30): warning C4018: '<': signed/unsigned mismatch
C:\Users\Almantas\Desktop\gtps\project_files\server.cpp(3288,30): warning C4018: '<': signed/unsigned mismatch
C:\Users\Almantas\Desktop\gtps\project_files\server.cpp(3307,31): warning C4305: '-=': truncation from 'double' to 'float'
C:\Users\Almantas\Desktop\gtps\project_files\server.cpp(3344,24): warning C4244: 'initializing': conversion from 'int' to 'float', possible loss of data
C:\Users\Almantas\Desktop\gtps\project_files\server.cpp(3369,30): warning C4018: '<': signed/unsigned mismatch
C:\Users\Almantas\Desktop\gtps\project_files\server.cpp(3411,30): warning C4018: '<': signed/unsigned mismatch
C:\Users\Almantas\Desktop\gtps\project_files\server.cpp(3434,79): warning C4305: '=': truncation from 'double' to 'float'
C:\Users\Almantas\Desktop\gtps\project_files\server.cpp(3458,30): warning C4018: '<': signed/unsigned mismatch
C:\Users\Almantas\Desktop\gtps\project_files\server.cpp(3496,79): warning C4305: '=': truncation from 'double' to 'float'
C:\Users\Almantas\Desktop\gtps\project_files\server.cpp(3537,30): warning C4305: 'initializing': truncation from 'double' to 'float'
C:\Users\Almantas\Desktop\gtps\project_files\server.cpp(3538,24): warning C4244: 'initializing': conversion from 'int' to 'float', possible loss of data
C:\Users\Almantas\Desktop\gtps\project_files\server.cpp(3554,79): warning C4305: '=': truncation from 'double' to 'float'
C:\Users\Almantas\Desktop\gtps\project_files\server.cpp(3556,24): warning C4244: 'initializing': conversion from 'int' to 'float', possible loss of data
C:\Users\Almantas\Desktop\gtps\project_files\server.cpp(6623,27): warning C4018: '<': signed/unsigned mismatch
C:\Users\Almantas\Desktop\gtps\project_files\server.cpp(6663,27): warning C4018: '<': signed/unsigned mismatch
C:\Users\Almantas\Desktop\gtps\project_files\server.cpp(8383,26): warning C4018: '<': signed/unsigned mismatch
C:\Users\Almantas\Desktop\gtps\project_files\server.cpp(8442,27): warning C4018: '<': signed/unsigned mismatch
C:\Users\Almantas\Desktop\gtps\project_files\server.cpp(8504,28): warning C4018: '<': signed/unsigned mismatch
C:\Users\Almantas\Desktop\gtps\project_files\server.cpp(8580,27): warning C4018: '<': signed/unsigned mismatch
C:\Users\Almantas\Desktop\gtps\project_files\server.cpp(8710,27): warning C4018: '<': signed/unsigned mismatch
C:\Users\Almantas\Desktop\gtps\project_files\server.cpp(8880,27): warning C4018: '<': signed/unsigned mismatch
C:\Users\Almantas\Desktop\gtps\project_files\server.cpp(8948,26): warning C4018: '<': signed/unsigned mismatch
C:\Users\Almantas\Desktop\gtps\project_files\server.cpp(8986,26): warning C4018: '<': signed/unsigned mismatch
C:\Users\Almantas\Desktop\gtps\project_files\server.cpp(9209,28): warning C4018: '<': signed/unsigned mismatch
C:\Users\Almantas\Desktop\gtps\project_files\server.cpp(9282,28): warning C4018: '<': signed/unsigned mismatch
C:\Users\Almantas\Desktop\gtps\project_files\server.cpp(9929,99): warning C4244: 'argument': conversion from 'int' to 'float', possible loss of data
C:\Users\Almantas\Desktop\gtps\project_files\server.cpp(9929,92): warning C4244: 'argument': conversion from 'int' to 'float', possible loss of data
C:\Users\Almantas\Desktop\gtps\project_files\server.cpp(10130,28): warning C4018: '<': signed/unsigned mismatch
C:\Users\Almantas\Desktop\gtps\project_files\server.cpp(10160,28): warning C4018: '<': signed/unsigned mismatch
C:\Users\Almantas\Desktop\gtps\project_files\server.cpp(10229,26): warning C4018: '<': signed/unsigned mismatch
C:\Users\Almantas\Desktop\gtps\project_files\server.cpp(10239,26): warning C4018: '<': signed/unsigned mismatch
C:\Users\Almantas\Desktop\gtps\project_files\server.cpp(10368,30): warning C4018: '<': signed/unsigned mismatch
C:\Users\Almantas\Desktop\gtps\project_files\server.cpp(10398,30): warning C4018: '<': signed/unsigned mismatch
C:\Users\Almantas\Desktop\gtps\project_files\server.cpp(10516,28): warning C4018: '<': signed/unsigned mismatch
C:\Users\Almantas\Desktop\gtps\project_files\server.cpp(10534,27): warning C4018: '<': signed/unsigned mismatch
C:\Users\Almantas\Desktop\gtps\project_files\server.cpp(10565,27): warning C4018: '<': signed/unsigned mismatch
C:\Users\Almantas\Desktop\gtps\project_files\server.cpp(10571,27): warning C4018: '<': signed/unsigned mismatch
C:\Users\Almantas\Desktop\gtps\project_files\server.cpp(10747,56): warning C4244: '=': conversion from 'int' to 'float', possible loss of data
C:\Users\Almantas\Desktop\gtps\project_files\server.cpp(10748,56): warning C4244: '=': conversion from 'int' to 'float', possible loss of data
C:\Users\Almantas\Desktop\gtps\project_files\server.cpp(10756,168): warning C4244: 'argument': conversion from 'int' to 'float', possible loss of data
C:\Users\Almantas\Desktop\gtps\project_files\server.cpp(10756,127): warning C4244: 'argument': conversion from 'int' to 'float', possible loss of data
C:\Users\Almantas\Desktop\gtps\project_files\server.cpp(10922,27): warning C4018: '<': signed/unsigned mismatch
C:\Users\Almantas\Desktop\gtps\project_files\server.cpp(11047,28): warning C4018: '<': signed/unsigned mismatch
C:\Users\Almantas\Desktop\gtps\project_files\server.cpp(11054,39): warning C4566: character represented by universal-character-name '\u2229' cannot be represented in the current code page (1252)
C:\Users\Almantas\Desktop\gtps\project_files\server.cpp(11054,39): warning C4566: character represented by universal-character-name '\u2557' cannot be represented in the current code page (1252)
C:\Users\Almantas\Desktop\gtps\project_files\server.cpp(11054,39): warning C4566: character represented by universal-character-name '\u2510' cannot be represented in the current code page (1252)
C:\Users\Almantas\Desktop\gtps\project_files\server.cpp(11221,22): warning C4244: 'initializing': conversion from '_Rep' to 'int', possible loss of data
          with
          [
              _Rep=__int64
          ]
C:\Users\Almantas\Desktop\gtps\project_files\server.cpp(12503,168): warning C4244: 'argument': conversion from 'int' to 'float', possible loss of data
C:\Users\Almantas\Desktop\gtps\project_files\server.cpp(12503,127): warning C4244: 'argument': conversion from 'int' to 'float', possible loss of data
C:\Users\Almantas\Desktop\gtps\project_files\server.cpp(13497,23): warning C4244: 'initializing': conversion from '_Rep' to 'int', possible loss of data
          with
          [
              _Rep=__int64
          ]
C:\Users\Almantas\Desktop\gtps\project_files\server.cpp(13904,957): warning C4309: 'argument': truncation of constant value
C:\Users\Almantas\Desktop\gtps\project_files\server.cpp(13930,26): warning C4018: '<': signed/unsigned mismatch
C:\Users\Almantas\Desktop\gtps\project_files\server.cpp(14177,29): warning C4018: '<': signed/unsigned mismatch
C:\Users\Almantas\Desktop\gtps\project_files\server.cpp(14193,38): warning C4566: character represented by universal-character-name '\u2229' cannot be represented in the current code page (1252)
C:\Users\Almantas\Desktop\gtps\project_files\server.cpp(14193,38): warning C4566: character represented by universal-character-name '\u2557' cannot be represented in the current code page (1252)
C:\Users\Almantas\Desktop\gtps\project_files\server.cpp(14193,38): warning C4566: character represented by universal-character-name '\u2510' cannot be represented in the current code page (1252)
C:\Users\Almantas\Desktop\gtps\project_files\server.cpp(14304,61): warning C4244: '=': conversion from 'float' to 'int', possible loss of data
C:\Users\Almantas\Desktop\gtps\project_files\server.cpp(14305,61): warning C4244: '=': conversion from 'float' to 'int', possible loss of data
C:\Users\Almantas\Desktop\gtps\project_files\server.cpp(14352,27): warning C4018: '<': signed/unsigned mismatch
C:\Users\Almantas\Desktop\gtps\project_files\server.cpp(14384,23): warning C4244: 'initializing': conversion from 'float' to 'int', possible loss of data
C:\Users\Almantas\Desktop\gtps\project_files\server.cpp(14385,23): warning C4244: 'initializing': conversion from 'float' to 'int', possible loss of data
C:\Users\Almantas\Desktop\gtps\project_files\server.cpp(14390,92): warning C4244: 'argument': conversion from 'float' to 'const int', possible loss of data
C:\Users\Almantas\Desktop\gtps\project_files\server.cpp(14390,83): warning C4244: 'argument': conversion from 'float' to 'const int', possible loss of data
C:\Users\Almantas\Desktop\gtps\project_files\server.cpp(14425,286): warning C4244: 'argument': conversion from 'int' to 'float', possible loss of data
C:\Users\Almantas\Desktop\gtps\project_files\server.cpp(14425,233): warning C4244: 'argument': conversion from 'int' to 'float', possible loss of data
C:\Users\Almantas\Desktop\gtps\project_files\server.cpp(14425,181): warning C4244: 'argument': conversion from 'int' to 'float', possible loss of data
C:\Users\Almantas\Desktop\gtps\project_files\server.cpp(14425,444): warning C4244: 'argument': conversion from 'int' to 'float', possible loss of data
C:\Users\Almantas\Desktop\gtps\project_files\server.cpp(14425,392): warning C4244: 'argument': conversion from 'int' to 'float', possible loss of data
C:\Users\Almantas\Desktop\gtps\project_files\server.cpp(14425,340): warning C4244: 'argument': conversion from 'int' to 'float', possible loss of data
C:\Users\Almantas\Desktop\gtps\project_files\server.cpp(14425,601): warning C4244: 'argument': conversion from 'int' to 'float', possible loss of data
C:\Users\Almantas\Desktop\gtps\project_files\server.cpp(14425,549): warning C4244: 'argument': conversion from 'int' to 'float', possible loss of data
C:\Users\Almantas\Desktop\gtps\project_files\server.cpp(14425,497): warning C4244: 'argument': conversion from 'int' to 'float', possible loss of data
C:\Users\Almantas\Desktop\gtps\project_files\server.cpp(14425,710): warning C4244: 'argument': conversion from 'int' to 'float', possible loss of data
C:\Users\Almantas\Desktop\gtps\project_files\server.cpp(14442,89): warning C4244: 'argument': conversion from 'float' to 'const int', possible loss of data
C:\Users\Almantas\Desktop\gtps\project_files\server.cpp(14442,80): warning C4244: 'argument': conversion from 'float' to 'const int', possible loss of data
C:\Users\Almantas\Desktop\gtps\project_files\server.cpp(14558,27): warning C4018: '<': signed/unsigned mismatch
C:\Users\Almantas\Desktop\gtps\project_files\server.cpp(14575,27): warning C4018: '<': signed/unsigned mismatch
C:\Users\Almantas\Desktop\gtps\project_files\server.cpp(14592,27): warning C4018: '<': signed/unsigned mismatch
C:\Users\Almantas\Desktop\gtps\project_files\server.cpp(14751,24): warning C4018: '<': signed/unsigned mismatch
C:\Users\Almantas\Desktop\gtps\project_files\server.cpp(14762,14): warning C4018: '<': signed/unsigned mismatch
C:\Users\Almantas\Desktop\gtps\project_files\server.cpp(14779,25): warning C4018: '<': signed/unsigned mismatch
C:\Users\Almantas\Desktop\gtps\project_files\server.cpp(13839,43): warning C4101: 'e': unreferenced local variable
  Generating code
  Previous IPDB not found, fall back to full compilation.
  All 3283 functions were compiled because no usable IPDB/IOBJ from previous compilation was found.
  Finished generating code
  GTPS.vcxproj -> C:\Users\Almantas\Desktop\gtps\GTPS.exe
